Log file open, 01/08/20 15:36:49
LogWindows: Failed to load 'aqProf.dll' (GetLastError=126)
LogWindows: File 'aqProf.dll' does not exist
LogWindows: Failed to load 'VtuneApi.dll' (GetLastError=126)
LogWindows: File 'VtuneApi.dll' does not exist
LogWindows: Failed to load 'VtuneApi32e.dll' (GetLastError=126)
LogWindows: File 'VtuneApi32e.dll' does not exist
LogConsoleResponse: Display: Failed to find resolution value strings in scalability ini. Falling back to default.
LogInit: Display: Running engine for game: python
LogPlatformFile: Not using cached read wrapper
LogTaskGraph: Started task graph with 5 named threads and 35 total threads with 3 sets of task threads.
LogStats: Stats thread started at 0.078286
LogD3D11RHI: Loaded GFSDK_Aftermath_Lib.x64.dll
LogICUInternationalization: ICU TimeZone Detection - Raw Offset: +9:00, Platform Override: ''
LogPluginManager: Mounting plugin Paper2D
LogPluginManager: Mounting plugin AISupport
LogPluginManager: Mounting plugin LightPropagationVolume
LogPluginManager: Mounting plugin ActorLayerUtilities
LogPluginManager: Mounting plugin AnimationSharing
LogPluginManager: Mounting plugin CLionSourceCodeAccess
LogPluginManager: Mounting plugin CodeLiteSourceCodeAccess
LogPluginManager: Mounting plugin GitSourceControl
LogPluginManager: Mounting plugin KDevelopSourceCodeAccess
LogPluginManager: Mounting plugin NullSourceCodeAccess
LogPluginManager: Mounting plugin PerforceSourceControl
LogPluginManager: Mounting plugin PlasticSourceControl
LogPluginManager: Mounting plugin SubversionSourceControl
LogPluginManager: Mounting plugin UObjectPlugin
LogPluginManager: Mounting plugin VisualStudioCodeSourceCodeAccess
LogPluginManager: Mounting plugin VisualStudioSourceCodeAccess
LogPluginManager: Mounting plugin XCodeSourceCodeAccess
LogPluginManager: Mounting plugin AssetManagerEditor
LogPluginManager: Mounting plugin CryptoKeys
LogPluginManager: Mounting plugin CurveEditorTools
LogPluginManager: Mounting plugin DataValidation
LogPluginManager: Mounting plugin EditorScriptingUtilities
LogPluginManager: Mounting plugin FacialAnimation
LogPluginManager: Mounting plugin GameplayTagsEditor
LogPluginManager: Mounting plugin MacGraphicsSwitching
LogPluginManager: Mounting plugin MaterialAnalyzer
LogPluginManager: Mounting plugin MobileLauncherProfileWizard
LogPluginManager: Mounting plugin PluginBrowser
LogPluginManager: Mounting plugin SpeedTreeImporter
LogPluginManager: Mounting plugin DatasmithContent
LogPluginManager: Mounting plugin VariantManagerContent
LogPluginManager: Mounting plugin AlembicImporter
LogPluginManager: Mounting plugin AutomationUtils
LogPluginManager: Mounting plugin BackChannel
LogPluginManager: Mounting plugin CharacterAI
LogPluginManager: Mounting plugin GeometryCache
LogPluginManager: Mounting plugin PlatformCrypto
LogPluginManager: Mounting plugin ProxyLODPlugin
LogPluginManager: Mounting plugin PythonScriptPlugin
LogPluginManager: Mounting plugin SkeletalReduction
LogPluginManager: Mounting plugin MagicLeap
LogPluginManager: Mounting plugin MagicLeapMedia
LogPluginManager: Mounting plugin MLSDK
LogPluginManager: Mounting plugin AndroidMedia
LogPluginManager: Mounting plugin AvfMedia
LogPluginManager: Mounting plugin ImgMedia
LogPluginManager: Mounting plugin MediaCompositing
LogPluginManager: Mounting plugin MediaPlayerEditor
LogPluginManager: Mounting plugin WebMMedia
LogPluginManager: Mounting plugin WmfMedia
LogPluginManager: Mounting plugin TcpMessaging
LogPluginManager: Mounting plugin UdpMessaging
LogPluginManager: Mounting plugin ActorSequence
LogPluginManager: Mounting plugin LevelSequenceEditor
LogPluginManager: Mounting plugin MatineeToLevelSequence
LogPluginManager: Mounting plugin NetcodeUnitTest
LogPluginManager: Mounting plugin NUTUnrealEngine4
LogPluginManager: Mounting plugin OnlineSubsystemGooglePlay
LogPluginManager: Mounting plugin OnlineSubsystemIOS
LogPluginManager: Mounting plugin OnlineSubsystem
LogPluginManager: Mounting plugin OnlineSubsystemNull
LogPluginManager: Mounting plugin OnlineSubsystemUtils
LogPluginManager: Mounting plugin LauncherChunkInstaller
LogPluginManager: Mounting plugin AndroidDeviceProfileSelector
LogPluginManager: Mounting plugin AndroidMoviePlayer
LogPluginManager: Mounting plugin AndroidPermission
LogPluginManager: Mounting plugin AppleImageUtils
LogPluginManager: Mounting plugin AppleMoviePlayer
LogPluginManager: Mounting plugin ArchVisCharacter
LogPluginManager: Mounting plugin AssetTags
LogPluginManager: Mounting plugin AudioCapture
LogPluginManager: Mounting plugin CableComponent
LogPluginManager: Mounting plugin CustomMeshComponent
LogPluginManager: Mounting plugin EditableMesh
LogPluginManager: Mounting plugin ExampleDeviceProfileSelector
LogPluginManager: Mounting plugin GoogleCloudMessaging
LogPluginManager: Mounting plugin IOSDeviceProfileSelector
LogPluginManager: Mounting plugin LinuxDeviceProfileSelector
LogPluginManager: Mounting plugin LocationServicesBPLibrary
LogPluginManager: Mounting plugin MobilePatchingUtils
LogPluginManager: Mounting plugin OculusVR
LogPluginManager: Mounting plugin PhysXVehicles
LogPluginManager: Mounting plugin PostSplashScreen
LogPluginManager: Mounting plugin ProceduralMeshComponent
LogPluginManager: Mounting plugin RuntimePhysXCooking
LogPluginManager: Mounting plugin SignificanceManager
LogPluginManager: Mounting plugin SteamVR
LogPluginManager: Mounting plugin WebMMoviePlayer
LogPluginManager: Mounting plugin WindowsMoviePlayer
LogPluginManager: Mounting plugin ScreenshotTools
LogInit: Using libcurl 7.55.1-DEV
LogInit:  - built for x86_64-pc-win32
LogInit:  - supports SSL with OpenSSL/1.1.1
LogInit:  - supports HTTP deflate (compression) using libz 1.2.8
LogInit:  - other features:
LogInit:      CURL_VERSION_SSL
LogInit:      CURL_VERSION_LIBZ
LogInit:      CURL_VERSION_IPV6
LogInit:      CURL_VERSION_ASYNCHDNS
LogInit:      CURL_VERSION_LARGEFILE
LogInit:      CURL_VERSION_IDN
LogInit:  CurlRequestOptions (configurable via config and command line):
LogInit:  - bVerifyPeer = true  - Libcurl will verify peer certificate
LogInit:  - bUseHttpProxy = false  - Libcurl will NOT use HTTP proxy
LogInit:  - bDontReuseConnections = false  - Libcurl will reuse connections
LogInit:  - MaxHostConnections = 16  - Libcurl will limit the number of connections to a host
LogInit:  - LocalHostAddr = Default
LogInit:  - BufferSize = 65536
LogOnline: OSS: Creating online subsystem instance for: NULL
LogInit: WinSock: version 1.1 (2.2), MaxSocks=32767, MaxUdp=65467
LogOnline: OSS: TryLoadSubsystemAndSetDefault: Loaded subsystem for module [NULL]
LogTemp: Display: [STEAMVR INPUT] Enable SteamVR Input Developer Mode: VRSettingsError_None
LogTemp: Display: [STEAMVR INPUT] Enable SteamVR Debug Input: VRSettingsError_None
LogInit: Build: ++UE4+Release-4.24-CL-10757647
LogInit: Engine Version: 4.24.1-10757647+++UE4+Release-4.24
LogInit: Compatible Engine Version: 4.24.0-10570792+++UE4+Release-4.24
LogInit: Net CL: 10570792
LogInit: OS: Windows 10 (Release 1903) (), CPU: Intel(R) Core(TM) i7-8700K CPU @ 3.70GHz, GPU: NVIDIA GeForce GTX 1080
LogInit: Compiled (64-bit): Dec 17 2019 02:08:03
LogInit: Compiled with Visual C++: 19.16.27032.01
LogInit: Build Configuration: Development
LogInit: Branch Name: ++UE4+Release-4.24
LogInit: Command Line: 
LogInit: Base Directory: C:/Program Files/Epic Games/UE_4.24/Engine/Binaries/Win64/
LogInit: Installed Engine Build: 1
LogDevObjectVersion: Number of dev versions registered: 25
LogDevObjectVersion:   Dev-Blueprints (B0D832E4-1F89-4F0D-ACCF-7EB736FD4AA2): 10
LogDevObjectVersion:   Dev-Build (E1C64328-A22C-4D53-A36C-8E866417BD8C): 0
LogDevObjectVersion:   Dev-Core (375EC13C-06E4-48FB-B500-84F0262A717E): 3
LogDevObjectVersion:   Dev-Editor (E4B068ED-F494-42E9-A231-DA0B2E46BB41): 37
LogDevObjectVersion:   Dev-Framework (CFFC743F-43B0-4480-9391-14DF171D2073): 36
LogDevObjectVersion:   Dev-Mobile (B02B49B5-BB20-44E9-A304-32B752E40360): 2
LogDevObjectVersion:   Dev-Networking (A4E4105C-59A1-49B5-A7C5-40C4547EDFEE): 0
LogDevObjectVersion:   Dev-Online (39C831C9-5AE6-47DC-9A44-9C173E1C8E7C): 0
LogDevObjectVersion:   Dev-Physics (78F01B33-EBEA-4F98-B9B4-84EACCB95AA2): 2
LogDevObjectVersion:   Dev-Platform (6631380F-2D4D-43E0-8009-CF276956A95A): 0
LogDevObjectVersion:   Dev-Rendering (12F88B9F-8875-4AFC-A67C-D90C383ABD29): 36
LogDevObjectVersion:   Dev-Sequencer (7B5AE74C-D270-4C10-A958-57980B212A5A): 11
LogDevObjectVersion:   Dev-VR (D7296918-1DD6-4BDD-9DE2-64A83CC13884): 2
LogDevObjectVersion:   Dev-LoadTimes (C2A15278-BFE7-4AFE-6C17-90FF531DF755): 1
LogDevObjectVersion:   Private-Geometry (6EACA3D4-40EC-4CC1-B786-8BED09428FC5): 3
LogDevObjectVersion:   Dev-AnimPhys (29E575DD-E0A3-4627-9D10-D276232CDCEA): 17
LogDevObjectVersion:   Dev-Anim (AF43A65D-7FD3-4947-9873-3E8ED9C1BB05): 2
LogDevObjectVersion:   Dev-ReflectionCapture (6B266CEC-1EC7-4B8F-A30B-E4D90942FC07): 1
LogDevObjectVersion:   Dev-Automation (0DF73D61-A23F-47EA-B727-89E90C41499A): 1
LogDevObjectVersion:   FortniteMain (601D1886-AC64-4F84-AA16-D3DE0DEAC7D6): 31
LogDevObjectVersion:   Dev-Enterprise (9DFFBCD6-494F-0158-E221-12823C92A888): 8
LogDevObjectVersion:   Dev-Niagara (F2AED0AC-9AFE-416F-8664-AA7FFA26D6FC): 1
LogDevObjectVersion:   Dev-Destruction (174F1F0B-B4C6-45A5-B13F-2EE8D0FB917D): 9
LogDevObjectVersion:   Dev-Physics-Ext (35F94A83-E258-406C-A318-09F59610247C): 8
LogDevObjectVersion:   Dev-CineCamera (B2E18506-4273-CFC2-A54E-F4BB758BBA07): 1
LogInit: Presizing for max 25165824 objects, including 0 objects not considered by GC, pre-allocating 0 bytes for permanent pool.
LogInit: Object subsystem initialized
LogConfig: Setting CVar [[con.DebugEarlyDefault:1]]
LogConfig: Setting CVar [[r.setres:1280x720]]
[2020.01.08-06.36.49:534][  0]LogConfig: Setting CVar [[r.VSync:0]]
[2020.01.08-06.36.49:534][  0]LogConfig: Setting CVar [[r.RHICmdBypass:0]]
[2020.01.08-06.36.49:534][  0]LogConfig: Applying CVar settings from Section [/Script/Engine.RendererSettings] File [D:/Git/Saved/Config/Windows/Engine.ini]
[2020.01.08-06.36.49:534][  0]LogConfig: Setting CVar [[r.GPUCrashDebugging:0]]
[2020.01.08-06.36.49:534][  0]LogConfig: Applying CVar settings from Section [/Script/Engine.RendererOverrideSettings] File [D:/Git/Saved/Config/Windows/Engine.ini]
[2020.01.08-06.36.49:534][  0]LogConfig: Applying CVar settings from Section [/Script/Engine.StreamingSettings] File [D:/Git/Saved/Config/Windows/Engine.ini]
[2020.01.08-06.36.49:534][  0]LogConfig: Setting CVar [[s.MinBulkDataSizeForAsyncLoading:131072]]
[2020.01.08-06.36.49:534][  0]LogConfig: Setting CVar [[s.AsyncLoadingThreadEnabled:0]]
[2020.01.08-06.36.49:534][  0]LogConfig: Setting CVar [[s.EventDrivenLoaderEnabled:1]]
[2020.01.08-06.36.49:534][  0]LogConfig: Setting CVar [[s.WarnIfTimeLimitExceeded:0]]
[2020.01.08-06.36.49:534][  0]LogConfig: Setting CVar [[s.TimeLimitExceededMultiplier:1.5]]
[2020.01.08-06.36.49:534][  0]LogConfig: Setting CVar [[s.TimeLimitExceededMinTime:0.005]]
[2020.01.08-06.36.49:534][  0]LogConfig: Setting CVar [[s.UseBackgroundLevelStreaming:1]]
[2020.01.08-06.36.49:534][  0]LogConfig: Setting CVar [[s.PriorityAsyncLoadingExtraTime:15.0]]
[2020.01.08-06.36.49:534][  0]LogConfig: Setting CVar [[s.LevelStreamingActorsUpdateTimeLimit:5.0]]
[2020.01.08-06.36.49:535][  0]LogConfig: Setting CVar [[s.PriorityLevelStreamingActorsUpdateExtraTime:5.0]]
[2020.01.08-06.36.49:535][  0]LogConfig: Setting CVar [[s.LevelStreamingComponentsRegistrationGranularity:10]]
[2020.01.08-06.36.49:535][  0]LogConfig: Setting CVar [[s.UnregisterComponentsTimeLimit:1.0]]
[2020.01.08-06.36.49:535][  0]LogConfig: Setting CVar [[s.LevelStreamingComponentsUnregistrationGranularity:5]]
[2020.01.08-06.36.49:535][  0]LogConfig: Setting CVar [[s.FlushStreamingOnExit:1]]
[2020.01.08-06.36.49:535][  0]LogConfig: Applying CVar settings from Section [/Script/Engine.GarbageCollectionSettings] File [D:/Git/Saved/Config/Windows/Engine.ini]
[2020.01.08-06.36.49:535][  0]LogConfig: Setting CVar [[gc.MaxObjectsNotConsideredByGC:1]]
[2020.01.08-06.36.49:535][  0]LogConfig: Setting CVar [[gc.SizeOfPermanentObjectPool:0]]
[2020.01.08-06.36.49:535][  0]LogConfig: Setting CVar [[gc.FlushStreamingOnGC:0]]
[2020.01.08-06.36.49:535][  0]LogConfig: Setting CVar [[gc.NumRetriesBeforeForcingGC:10]]
[2020.01.08-06.36.49:535][  0]LogConfig: Setting CVar [[gc.AllowParallelGC:1]]
[2020.01.08-06.36.49:535][  0]LogConfig: Setting CVar [[gc.TimeBetweenPurgingPendingKillObjects:61.1]]
[2020.01.08-06.36.49:535][  0]LogConfig: Setting CVar [[gc.MaxObjectsInEditor:25165824]]
[2020.01.08-06.36.49:535][  0]LogConfig: Setting CVar [[gc.IncrementalBeginDestroyEnabled:1]]
[2020.01.08-06.36.49:535][  0]LogConfig: Setting CVar [[gc.CreateGCClusters:1]]
[2020.01.08-06.36.49:535][  0]LogConfig: Setting CVar [[gc.MinGCClusterSize:5]]
[2020.01.08-06.36.49:535][  0]LogConfig: Setting CVar [[gc.ActorClusteringEnabled:0]]
[2020.01.08-06.36.49:535][  0]LogConfig: Setting CVar [[gc.BlueprintClusteringEnabled:0]]
[2020.01.08-06.36.49:535][  0]LogConfig: Setting CVar [[gc.UseDisregardForGCOnDedicatedServers:0]]
[2020.01.08-06.36.49:535][  0]LogConfig: Applying CVar settings from Section [/Script/Engine.NetworkSettings] File [D:/Git/Saved/Config/Windows/Engine.ini]
[2020.01.08-06.36.49:535][  0]LogConfig: Applying CVar settings from Section [/Script/UnrealEd.CookerSettings] File [D:/Git/Saved/Config/Windows/Engine.ini]
[2020.01.08-06.36.49:540][  0]LogConfig: Applying CVar settings from Section [ViewDistanceQuality@3] File [D:/Git/Saved/Config/Windows/Scalability.ini]
[2020.01.08-06.36.49:540][  0]LogConfig: Setting CVar [[r.SkeletalMeshLODBias:0]]
[2020.01.08-06.36.49:540][  0]LogConfig: Setting CVar [[r.ViewDistanceScale:1.0]]
[2020.01.08-06.36.49:540][  0]LogConfig: Applying CVar settings from Section [AntiAliasingQuality@3] File [D:/Git/Saved/Config/Windows/Scalability.ini]
[2020.01.08-06.36.49:540][  0]LogConfig: Setting CVar [[r.PostProcessAAQuality:4]]
[2020.01.08-06.36.49:540][  0]LogConfig: Applying CVar settings from Section [ShadowQuality@3] File [D:/Git/Saved/Config/Windows/Scalability.ini]
[2020.01.08-06.36.49:540][  0]LogConfig: Setting CVar [[r.LightFunctionQuality:1]]
[2020.01.08-06.36.49:540][  0]LogConfig: Setting CVar [[r.ShadowQuality:5]]
[2020.01.08-06.36.49:540][  0]LogConfig: Setting CVar [[r.Shadow.CSM.MaxCascades:10]]
[2020.01.08-06.36.49:540][  0]LogConfig: Setting CVar [[r.Shadow.MaxResolution:2048]]
[2020.01.08-06.36.49:540][  0]LogConfig: Setting CVar [[r.Shadow.MaxCSMResolution:2048]]
[2020.01.08-06.36.49:540][  0]LogConfig: Setting CVar [[r.Shadow.RadiusThreshold:0.01]]
[2020.01.08-06.36.49:540][  0]LogConfig: Setting CVar [[r.Shadow.DistanceScale:1.0]]
[2020.01.08-06.36.49:541][  0]LogConfig: Setting CVar [[r.Shadow.CSM.TransitionScale:1.0]]
[2020.01.08-06.36.49:541][  0]LogConfig: Setting CVar [[r.Shadow.PreShadowResolutionFactor:1.0]]
[2020.01.08-06.36.49:541][  0]LogConfig: Setting CVar [[r.DistanceFieldShadowing:1]]
[2020.01.08-06.36.49:541][  0]LogConfig: Setting CVar [[r.DistanceFieldAO:1]]
[2020.01.08-06.36.49:541][  0]LogConfig: Setting CVar [[r.AOQuality:2]]
[2020.01.08-06.36.49:541][  0]LogConfig: Setting CVar [[r.VolumetricFog:1]]
[2020.01.08-06.36.49:541][  0]LogConfig: Setting CVar [[r.VolumetricFog.GridPixelSize:8]]
[2020.01.08-06.36.49:541][  0]LogConfig: Setting CVar [[r.VolumetricFog.GridSizeZ:128]]
[2020.01.08-06.36.49:541][  0]LogConfig: Setting CVar [[r.VolumetricFog.HistoryMissSupersampleCount:4]]
[2020.01.08-06.36.49:541][  0]LogConfig: Setting CVar [[r.LightMaxDrawDistanceScale:1]]
[2020.01.08-06.36.49:541][  0]LogConfig: Setting CVar [[r.CapsuleShadows:1]]
[2020.01.08-06.36.49:541][  0]LogConfig: Applying CVar settings from Section [PostProcessQuality@3] File [D:/Git/Saved/Config/Windows/Scalability.ini]
[2020.01.08-06.36.49:541][  0]LogConfig: Setting CVar [[r.MotionBlurQuality:4]]
[2020.01.08-06.36.49:541][  0]LogConfig: Setting CVar [[r.AmbientOcclusionMipLevelFactor:0.4]]
[2020.01.08-06.36.49:541][  0]LogConfig: Setting CVar [[r.AmbientOcclusionMaxQuality:100]]
[2020.01.08-06.36.49:541][  0]LogConfig: Setting CVar [[r.AmbientOcclusionLevels:-1]]
[2020.01.08-06.36.49:541][  0]LogConfig: Setting CVar [[r.AmbientOcclusionRadiusScale:1.0]]
[2020.01.08-06.36.49:541][  0]LogConfig: Setting CVar [[r.DepthOfFieldQuality:2]]
[2020.01.08-06.36.49:541][  0]LogConfig: Setting CVar [[r.RenderTargetPoolMin:400]]
[2020.01.08-06.36.49:541][  0]LogConfig: Setting CVar [[r.LensFlareQuality:2]]
[2020.01.08-06.36.49:541][  0]LogConfig: Setting CVar [[r.SceneColorFringeQuality:1]]
[2020.01.08-06.36.49:541][  0]LogConfig: Setting CVar [[r.EyeAdaptationQuality:2]]
[2020.01.08-06.36.49:541][  0]LogConfig: Setting CVar [[r.BloomQuality:5]]
[2020.01.08-06.36.49:541][  0]LogConfig: Setting CVar [[r.FastBlurThreshold:100]]
[2020.01.08-06.36.49:541][  0]LogConfig: Setting CVar [[r.Upscale.Quality:3]]
[2020.01.08-06.36.49:541][  0]LogConfig: Setting CVar [[r.Tonemapper.GrainQuantization:1]]
[2020.01.08-06.36.49:541][  0]LogConfig: Setting CVar [[r.LightShaftQuality:1]]
[2020.01.08-06.36.49:541][  0]LogConfig: Setting CVar [[r.Filter.SizeScale:1]]
[2020.01.08-06.36.49:541][  0]LogConfig: Setting CVar [[r.Tonemapper.Quality:5]]
[2020.01.08-06.36.49:541][  0]LogConfig: Setting CVar [[r.DOF.Gather.AccumulatorQuality:1        ; higher gathering accumulator quality]]
[2020.01.08-06.36.49:541][  0]LogConfig: Setting CVar [[r.DOF.Gather.PostfilterMethod:1          ; Median3x3 postfilering method]]
[2020.01.08-06.36.49:541][  0]LogConfig: Setting CVar [[r.DOF.Gather.EnableBokehSettings:0       ; no bokeh simulation when gathering]]
[2020.01.08-06.36.49:541][  0]LogConfig: Setting CVar [[r.DOF.Gather.RingCount:4                 ; medium number of samples when gathering]]
[2020.01.08-06.36.49:541][  0]LogConfig: Setting CVar [[r.DOF.Scatter.ForegroundCompositing:1    ; additive foreground scattering]]
[2020.01.08-06.36.49:541][  0]LogConfig: Setting CVar [[r.DOF.Scatter.BackgroundCompositing:2    ; additive background scattering]]
[2020.01.08-06.36.49:541][  0]LogConfig: Setting CVar [[r.DOF.Scatter.EnableBokehSettings:1      ; bokeh simulation when scattering]]
[2020.01.08-06.36.49:541][  0]LogConfig: Setting CVar [[r.DOF.Scatter.MaxSpriteRatio:0.1         ; only a maximum of 10% of scattered bokeh]]
[2020.01.08-06.36.49:541][  0]LogConfig: Setting CVar [[r.DOF.Recombine.Quality:1                ; cheap slight out of focus]]
[2020.01.08-06.36.49:541][  0]LogConfig: Setting CVar [[r.DOF.Recombine.EnableBokehSettings:0    ; no bokeh simulation on slight out of focus]]
[2020.01.08-06.36.49:541][  0]LogConfig: Setting CVar [[r.DOF.TemporalAAQuality:1                ; more stable temporal accumulation]]
[2020.01.08-06.36.49:541][  0]LogConfig: Setting CVar [[r.DOF.Kernel.MaxForegroundRadius:0.025]]
[2020.01.08-06.36.49:541][  0]LogConfig: Setting CVar [[r.DOF.Kernel.MaxBackgroundRadius:0.025]]
[2020.01.08-06.36.49:542][  0]LogConfig: Applying CVar settings from Section [TextureQuality@3] File [D:/Git/Saved/Config/Windows/Scalability.ini]
[2020.01.08-06.36.49:542][  0]LogConfig: Setting CVar [[r.Streaming.MipBias:0]]
[2020.01.08-06.36.49:542][  0]LogConfig: Setting CVar [[r.Streaming.AmortizeCPUToGPUCopy:0]]
[2020.01.08-06.36.49:542][  0]LogConfig: Setting CVar [[r.Streaming.MaxNumTexturesToStreamPerFrame:0]]
[2020.01.08-06.36.49:542][  0]LogConfig: Setting CVar [[r.Streaming.Boost:1]]
[2020.01.08-06.36.49:542][  0]LogConfig: Setting CVar [[r.MaxAnisotropy:8]]
[2020.01.08-06.36.49:542][  0]LogConfig: Setting CVar [[r.VT.MaxAnisotropy:8]]
[2020.01.08-06.36.49:542][  0]LogConfig: Setting CVar [[r.Streaming.LimitPoolSizeToVRAM:0]]
[2020.01.08-06.36.49:542][  0]LogConfig: Setting CVar [[r.Streaming.PoolSize:1000]]
[2020.01.08-06.36.49:542][  0]LogConfig: Setting CVar [[r.Streaming.MaxEffectiveScreenSize:0]]
[2020.01.08-06.36.49:542][  0]LogConfig: Applying CVar settings from Section [EffectsQuality@3] File [D:/Git/Saved/Config/Windows/Scalability.ini]
[2020.01.08-06.36.49:542][  0]LogConfig: Setting CVar [[r.TranslucencyLightingVolumeDim:64]]
[2020.01.08-06.36.49:542][  0]LogConfig: Setting CVar [[r.RefractionQuality:2]]
[2020.01.08-06.36.49:542][  0]LogConfig: Setting CVar [[r.SSR.Quality:3]]
[2020.01.08-06.36.49:542][  0]LogConfig: Setting CVar [[r.SSR.HalfResSceneColor:0]]
[2020.01.08-06.36.49:542][  0]LogConfig: Setting CVar [[r.SceneColorFormat:4]]
[2020.01.08-06.36.49:542][  0]LogConfig: Setting CVar [[r.DetailMode:2]]
[2020.01.08-06.36.49:542][  0]LogConfig: Setting CVar [[r.TranslucencyVolumeBlur:1]]
[2020.01.08-06.36.49:542][  0]LogConfig: Setting CVar [[r.MaterialQualityLevel:1 ; High quality]]
[2020.01.08-06.36.49:542][  0]LogConfig: Setting CVar [[r.SSS.Scale:1]]
[2020.01.08-06.36.49:542][  0]LogConfig: Setting CVar [[r.SSS.SampleSet:2]]
[2020.01.08-06.36.49:542][  0]LogConfig: Setting CVar [[r.SSS.Quality:1]]
[2020.01.08-06.36.49:542][  0]LogConfig: Setting CVar [[r.SSS.HalfRes:1]]
[2020.01.08-06.36.49:542][  0]LogConfig: Setting CVar [[r.SSGI.Quality:3]]
[2020.01.08-06.36.49:542][  0]LogConfig: Setting CVar [[r.EmitterSpawnRateScale:1.0]]
[2020.01.08-06.36.49:542][  0]LogConfig: Setting CVar [[r.ParticleLightQuality:2]]
[2020.01.08-06.36.49:542][  0]LogConfig: Setting CVar [[r.SkyAtmosphere.AerialPerspectiveLUT.FastApplyOnOpaque:1 ; Always have FastSkyLUT 1 in this case to avoid wrong sky]]
[2020.01.08-06.36.49:542][  0]LogConfig: Setting CVar [[r.SkyAtmosphere.AerialPerspectiveLUT.SampleCountPerSlice:1]]
[2020.01.08-06.36.49:542][  0]LogConfig: Setting CVar [[r.SkyAtmosphere.AerialPerspectiveLUT.DepthResolution:16.0]]
[2020.01.08-06.36.49:542][  0]LogConfig: Setting CVar [[r.SkyAtmosphere.FastSkyLUT:1]]
[2020.01.08-06.36.49:542][  0]LogConfig: Setting CVar [[r.SkyAtmosphere.FastSkyLUT.SampleCountMin:4.0]]
[2020.01.08-06.36.49:542][  0]LogConfig: Setting CVar [[r.SkyAtmosphere.FastSkyLUT.SampleCountMax:32.0]]
[2020.01.08-06.36.49:542][  0]LogConfig: Setting CVar [[r.SkyAtmosphere.SampleCountMin:4.0]]
[2020.01.08-06.36.49:542][  0]LogConfig: Setting CVar [[r.SkyAtmosphere.SampleCountMax:32.0]]
[2020.01.08-06.36.49:542][  0]LogConfig: Setting CVar [[r.SkyAtmosphere.TransmittanceLUT.UseSmallFormat:0]]
[2020.01.08-06.36.49:542][  0]LogConfig: Setting CVar [[r.SkyAtmosphere.TransmittanceLUT.SampleCount:10.0]]
[2020.01.08-06.36.49:542][  0]LogConfig: Setting CVar [[r.SkyAtmosphere.MultiScatteringLUT.SampleCount:15.0]]
[2020.01.08-06.36.49:542][  0]LogConfig: Applying CVar settings from Section [FoliageQuality@3] File [D:/Git/Saved/Config/Windows/Scalability.ini]
[2020.01.08-06.36.49:542][  0]LogConfig: Setting CVar [[foliage.DensityScale:1.0]]
[2020.01.08-06.36.49:542][  0]LogConfig: Setting CVar [[grass.DensityScale:1.0]]
[2020.01.08-06.36.49:542][  0]LogConfig: Applying CVar settings from Section [ShadingQuality@3] File [D:/Git/Saved/Config/Windows/Scalability.ini]
[2020.01.08-06.36.49:542][  0]LogConfig: Setting CVar [[r.HairStrands.SkyLighting.SampleCount:16]]
[2020.01.08-06.36.49:542][  0]LogConfig: Setting CVar [[r.HairStrands.SkyLighting.JitterIntegration:0]]
[2020.01.08-06.36.49:542][  0]LogConfig: Setting CVar [[r.HairStrands.SkyAO.SampleCount:16]]
[2020.01.08-06.36.49:542][  0]LogInit: Selected Device Profile: [Windows]
[2020.01.08-06.36.49:542][  0]LogInit: Applying CVar settings loaded from the selected device profile: [Windows]
[2020.01.08-06.36.49:546][  0]LogHAL: Display: Platform has ~ 32 GB [34161299456 / 34359738368 / 32], which maps to Largest [LargestMinGB=32, LargerMinGB=12, DefaultMinGB=8, SmallerMinGB=6, SmallestMinGB=0)
[2020.01.08-06.36.49:546][  0]LogInit: Going up to parent DeviceProfile []
[2020.01.08-06.36.49:546][  0]LogConfig: Applying CVar settings from Section [ViewDistanceQuality@3] File [D:/Git/Saved/Config/Windows/Scalability.ini]
[2020.01.08-06.36.49:546][  0]LogConfig: Setting CVar [[r.SkeletalMeshLODBias:0]]
[2020.01.08-06.36.49:546][  0]LogConfig: Setting CVar [[r.ViewDistanceScale:1.0]]
[2020.01.08-06.36.49:546][  0]LogConfig: Applying CVar settings from Section [AntiAliasingQuality@3] File [D:/Git/Saved/Config/Windows/Scalability.ini]
[2020.01.08-06.36.49:546][  0]LogConfig: Setting CVar [[r.PostProcessAAQuality:4]]
[2020.01.08-06.36.49:547][  0]LogConfig: Applying CVar settings from Section [ShadowQuality@3] File [D:/Git/Saved/Config/Windows/Scalability.ini]
[2020.01.08-06.36.49:547][  0]LogConfig: Setting CVar [[r.LightFunctionQuality:1]]
[2020.01.08-06.36.49:547][  0]LogConfig: Setting CVar [[r.ShadowQuality:5]]
[2020.01.08-06.36.49:547][  0]LogConfig: Setting CVar [[r.Shadow.CSM.MaxCascades:10]]
[2020.01.08-06.36.49:547][  0]LogConfig: Setting CVar [[r.Shadow.MaxResolution:2048]]
[2020.01.08-06.36.49:547][  0]LogConfig: Setting CVar [[r.Shadow.MaxCSMResolution:2048]]
[2020.01.08-06.36.49:547][  0]LogConfig: Setting CVar [[r.Shadow.RadiusThreshold:0.01]]
[2020.01.08-06.36.49:547][  0]LogConfig: Setting CVar [[r.Shadow.DistanceScale:1.0]]
[2020.01.08-06.36.49:547][  0]LogConfig: Setting CVar [[r.Shadow.CSM.TransitionScale:1.0]]
[2020.01.08-06.36.49:547][  0]LogConfig: Setting CVar [[r.Shadow.PreShadowResolutionFactor:1.0]]
[2020.01.08-06.36.49:547][  0]LogConfig: Setting CVar [[r.DistanceFieldShadowing:1]]
[2020.01.08-06.36.49:547][  0]LogConfig: Setting CVar [[r.DistanceFieldAO:1]]
[2020.01.08-06.36.49:547][  0]LogConfig: Setting CVar [[r.AOQuality:2]]
[2020.01.08-06.36.49:547][  0]LogConfig: Setting CVar [[r.VolumetricFog:1]]
[2020.01.08-06.36.49:547][  0]LogConfig: Setting CVar [[r.VolumetricFog.GridPixelSize:8]]
[2020.01.08-06.36.49:547][  0]LogConfig: Setting CVar [[r.VolumetricFog.GridSizeZ:128]]
[2020.01.08-06.36.49:547][  0]LogConfig: Setting CVar [[r.VolumetricFog.HistoryMissSupersampleCount:4]]
[2020.01.08-06.36.49:547][  0]LogConfig: Setting CVar [[r.LightMaxDrawDistanceScale:1]]
[2020.01.08-06.36.49:547][  0]LogConfig: Setting CVar [[r.CapsuleShadows:1]]
[2020.01.08-06.36.49:547][  0]LogConfig: Applying CVar settings from Section [PostProcessQuality@3] File [D:/Git/Saved/Config/Windows/Scalability.ini]
[2020.01.08-06.36.49:547][  0]LogConfig: Setting CVar [[r.MotionBlurQuality:4]]
[2020.01.08-06.36.49:547][  0]LogConfig: Setting CVar [[r.AmbientOcclusionMipLevelFactor:0.4]]
[2020.01.08-06.36.49:547][  0]LogConfig: Setting CVar [[r.AmbientOcclusionMaxQuality:100]]
[2020.01.08-06.36.49:547][  0]LogConfig: Setting CVar [[r.AmbientOcclusionLevels:-1]]
[2020.01.08-06.36.49:547][  0]LogConfig: Setting CVar [[r.AmbientOcclusionRadiusScale:1.0]]
[2020.01.08-06.36.49:547][  0]LogConfig: Setting CVar [[r.DepthOfFieldQuality:2]]
[2020.01.08-06.36.49:547][  0]LogConfig: Setting CVar [[r.RenderTargetPoolMin:400]]
[2020.01.08-06.36.49:547][  0]LogConfig: Setting CVar [[r.LensFlareQuality:2]]
[2020.01.08-06.36.49:547][  0]LogConfig: Setting CVar [[r.SceneColorFringeQuality:1]]
[2020.01.08-06.36.49:547][  0]LogConfig: Setting CVar [[r.EyeAdaptationQuality:2]]
[2020.01.08-06.36.49:547][  0]LogConfig: Setting CVar [[r.BloomQuality:5]]
[2020.01.08-06.36.49:547][  0]LogConfig: Setting CVar [[r.FastBlurThreshold:100]]
[2020.01.08-06.36.49:547][  0]LogConfig: Setting CVar [[r.Upscale.Quality:3]]
[2020.01.08-06.36.49:547][  0]LogConfig: Setting CVar [[r.Tonemapper.GrainQuantization:1]]
[2020.01.08-06.36.49:547][  0]LogConfig: Setting CVar [[r.LightShaftQuality:1]]
[2020.01.08-06.36.49:547][  0]LogConfig: Setting CVar [[r.Filter.SizeScale:1]]
[2020.01.08-06.36.49:547][  0]LogConfig: Setting CVar [[r.Tonemapper.Quality:5]]
[2020.01.08-06.36.49:547][  0]LogConfig: Setting CVar [[r.DOF.Gather.AccumulatorQuality:1        ; higher gathering accumulator quality]]
[2020.01.08-06.36.49:547][  0]LogConfig: Setting CVar [[r.DOF.Gather.PostfilterMethod:1          ; Median3x3 postfilering method]]
[2020.01.08-06.36.49:547][  0]LogConfig: Setting CVar [[r.DOF.Gather.EnableBokehSettings:0       ; no bokeh simulation when gathering]]
[2020.01.08-06.36.49:547][  0]LogConfig: Setting CVar [[r.DOF.Gather.RingCount:4                 ; medium number of samples when gathering]]
[2020.01.08-06.36.49:547][  0]LogConfig: Setting CVar [[r.DOF.Scatter.ForegroundCompositing:1    ; additive foreground scattering]]
[2020.01.08-06.36.49:547][  0]LogConfig: Setting CVar [[r.DOF.Scatter.BackgroundCompositing:2    ; additive background scattering]]
[2020.01.08-06.36.49:547][  0]LogConfig: Setting CVar [[r.DOF.Scatter.EnableBokehSettings:1      ; bokeh simulation when scattering]]
[2020.01.08-06.36.49:547][  0]LogConfig: Setting CVar [[r.DOF.Scatter.MaxSpriteRatio:0.1         ; only a maximum of 10% of scattered bokeh]]
[2020.01.08-06.36.49:547][  0]LogConfig: Setting CVar [[r.DOF.Recombine.Quality:1                ; cheap slight out of focus]]
[2020.01.08-06.36.49:547][  0]LogConfig: Setting CVar [[r.DOF.Recombine.EnableBokehSettings:0    ; no bokeh simulation on slight out of focus]]
[2020.01.08-06.36.49:547][  0]LogConfig: Setting CVar [[r.DOF.TemporalAAQuality:1                ; more stable temporal accumulation]]
[2020.01.08-06.36.49:547][  0]LogConfig: Setting CVar [[r.DOF.Kernel.MaxForegroundRadius:0.025]]
[2020.01.08-06.36.49:547][  0]LogConfig: Setting CVar [[r.DOF.Kernel.MaxBackgroundRadius:0.025]]
[2020.01.08-06.36.49:547][  0]LogConfig: Applying CVar settings from Section [TextureQuality@3] File [D:/Git/Saved/Config/Windows/Scalability.ini]
[2020.01.08-06.36.49:548][  0]LogConfig: Setting CVar [[r.Streaming.MipBias:0]]
[2020.01.08-06.36.49:548][  0]LogConfig: Setting CVar [[r.Streaming.AmortizeCPUToGPUCopy:0]]
[2020.01.08-06.36.49:548][  0]LogConfig: Setting CVar [[r.Streaming.MaxNumTexturesToStreamPerFrame:0]]
[2020.01.08-06.36.49:548][  0]LogConfig: Setting CVar [[r.Streaming.Boost:1]]
[2020.01.08-06.36.49:548][  0]LogConfig: Setting CVar [[r.MaxAnisotropy:8]]
[2020.01.08-06.36.49:548][  0]LogConfig: Setting CVar [[r.VT.MaxAnisotropy:8]]
[2020.01.08-06.36.49:548][  0]LogConfig: Setting CVar [[r.Streaming.LimitPoolSizeToVRAM:0]]
[2020.01.08-06.36.49:548][  0]LogConfig: Setting CVar [[r.Streaming.PoolSize:1000]]
[2020.01.08-06.36.49:548][  0]LogConfig: Setting CVar [[r.Streaming.MaxEffectiveScreenSize:0]]
[2020.01.08-06.36.49:548][  0]LogConfig: Applying CVar settings from Section [EffectsQuality@3] File [D:/Git/Saved/Config/Windows/Scalability.ini]
[2020.01.08-06.36.49:548][  0]LogConfig: Setting CVar [[r.TranslucencyLightingVolumeDim:64]]
[2020.01.08-06.36.49:548][  0]LogConfig: Setting CVar [[r.RefractionQuality:2]]
[2020.01.08-06.36.49:548][  0]LogConfig: Setting CVar [[r.SSR.Quality:3]]
[2020.01.08-06.36.49:548][  0]LogConfig: Setting CVar [[r.SSR.HalfResSceneColor:0]]
[2020.01.08-06.36.49:548][  0]LogConfig: Setting CVar [[r.SceneColorFormat:4]]
[2020.01.08-06.36.49:548][  0]LogConfig: Setting CVar [[r.DetailMode:2]]
[2020.01.08-06.36.49:548][  0]LogConfig: Setting CVar [[r.TranslucencyVolumeBlur:1]]
[2020.01.08-06.36.49:548][  0]LogConfig: Setting CVar [[r.MaterialQualityLevel:1 ; High quality]]
[2020.01.08-06.36.49:548][  0]LogConfig: Setting CVar [[r.SSS.Scale:1]]
[2020.01.08-06.36.49:548][  0]LogConfig: Setting CVar [[r.SSS.SampleSet:2]]
[2020.01.08-06.36.49:548][  0]LogConfig: Setting CVar [[r.SSS.Quality:1]]
[2020.01.08-06.36.49:548][  0]LogConfig: Setting CVar [[r.SSS.HalfRes:1]]
[2020.01.08-06.36.49:548][  0]LogConfig: Setting CVar [[r.SSGI.Quality:3]]
[2020.01.08-06.36.49:548][  0]LogConfig: Setting CVar [[r.EmitterSpawnRateScale:1.0]]
[2020.01.08-06.36.49:548][  0]LogConfig: Setting CVar [[r.ParticleLightQuality:2]]
[2020.01.08-06.36.49:548][  0]LogConfig: Setting CVar [[r.SkyAtmosphere.AerialPerspectiveLUT.FastApplyOnOpaque:1 ; Always have FastSkyLUT 1 in this case to avoid wrong sky]]
[2020.01.08-06.36.49:548][  0]LogConfig: Setting CVar [[r.SkyAtmosphere.AerialPerspectiveLUT.SampleCountPerSlice:1]]
[2020.01.08-06.36.49:548][  0]LogConfig: Setting CVar [[r.SkyAtmosphere.AerialPerspectiveLUT.DepthResolution:16.0]]
[2020.01.08-06.36.49:548][  0]LogConfig: Setting CVar [[r.SkyAtmosphere.FastSkyLUT:1]]
[2020.01.08-06.36.49:548][  0]LogConfig: Setting CVar [[r.SkyAtmosphere.FastSkyLUT.SampleCountMin:4.0]]
[2020.01.08-06.36.49:548][  0]LogConfig: Setting CVar [[r.SkyAtmosphere.FastSkyLUT.SampleCountMax:32.0]]
[2020.01.08-06.36.49:548][  0]LogConfig: Setting CVar [[r.SkyAtmosphere.SampleCountMin:4.0]]
[2020.01.08-06.36.49:548][  0]LogConfig: Setting CVar [[r.SkyAtmosphere.SampleCountMax:32.0]]
[2020.01.08-06.36.49:548][  0]LogConfig: Setting CVar [[r.SkyAtmosphere.TransmittanceLUT.UseSmallFormat:0]]
[2020.01.08-06.36.49:548][  0]LogConfig: Setting CVar [[r.SkyAtmosphere.TransmittanceLUT.SampleCount:10.0]]
[2020.01.08-06.36.49:548][  0]LogConfig: Setting CVar [[r.SkyAtmosphere.MultiScatteringLUT.SampleCount:15.0]]
[2020.01.08-06.36.49:548][  0]LogConfig: Applying CVar settings from Section [FoliageQuality@3] File [D:/Git/Saved/Config/Windows/Scalability.ini]
[2020.01.08-06.36.49:548][  0]LogConfig: Setting CVar [[foliage.DensityScale:1.0]]
[2020.01.08-06.36.49:548][  0]LogConfig: Setting CVar [[grass.DensityScale:1.0]]
[2020.01.08-06.36.49:548][  0]LogConfig: Applying CVar settings from Section [ShadingQuality@3] File [D:/Git/Saved/Config/Windows/Scalability.ini]
[2020.01.08-06.36.49:548][  0]LogConfig: Setting CVar [[r.HairStrands.SkyLighting.SampleCount:16]]
[2020.01.08-06.36.49:548][  0]LogConfig: Setting CVar [[r.HairStrands.SkyLighting.JitterIntegration:0]]
[2020.01.08-06.36.49:548][  0]LogConfig: Setting CVar [[r.HairStrands.SkyAO.SampleCount:16]]
[2020.01.08-06.36.49:548][  0]LogConfig: Applying CVar settings from Section [Startup] File [../../../Engine/Config/ConsoleVariables.ini]
[2020.01.08-06.36.49:549][  0]LogConfig: Setting CVar [[net.UseAdaptiveNetUpdateFrequency:0]]
[2020.01.08-06.36.49:549][  0]LogConfig: Setting CVar [[p.chaos.AllowCreatePhysxBodies:1]]
[2020.01.08-06.36.49:549][  0]LogConfig: Applying CVar settings from Section [ConsoleVariables] File [D:/Git/Saved/Config/Windows/Engine.ini]
[2020.01.08-06.36.49:549][  0]LogInit: Computer: DESKTOP-K9T2I6C
[2020.01.08-06.36.49:549][  0]LogInit: User: NamowebizAlienWare
[2020.01.08-06.36.49:549][  0]LogInit: CPU Page size=4096, Cores=6
[2020.01.08-06.36.49:549][  0]LogInit: High frequency timer resolution =10.000000 MHz
[2020.01.08-06.36.49:550][  0]LogMemory: Memory total: Physical=31.8GB (32GB approx)
[2020.01.08-06.36.49:550][  0]LogMemory: Platform Memory Stats for Windows
[2020.01.08-06.36.49:550][  0]LogMemory: Process Physical Memory: 108.56 MB used, 108.57 MB peak
[2020.01.08-06.36.49:550][  0]LogMemory: Process Virtual Memory: 103.01 MB used, 103.01 MB peak
[2020.01.08-06.36.49:550][  0]LogMemory: Physical Memory: 11897.03 MB used,  20681.72 MB free, 32578.75 MB total
[2020.01.08-06.36.49:550][  0]LogMemory: Virtual Memory: 5163.95 MB used,  134212560.00 MB free, 134217728.00 MB total
[2020.01.08-06.36.49:553][  0]LogWindows: WindowsPlatformFeatures enabled
[2020.01.08-06.36.49:589][  0]LogInit: Using OS detected language (ko-KR).
[2020.01.08-06.36.49:589][  0]LogInit: Using OS detected locale (ko-KR).
[2020.01.08-06.36.49:590][  0]LogTextLocalizationManager: No specific localization for 'ko-KR' exists, so the 'ko' localization will be used.
[2020.01.08-06.36.49:675][  0]LogInit: Setting process to per monitor DPI aware
[2020.01.08-06.36.49:731][  0]LogSlate: New Slate User Created.  User Index 0, Is Virtual User: 0
[2020.01.08-06.36.49:731][  0]LogSlate: Slate User Registered.  User Index 0, Is Virtual User: 0
[2020.01.08-06.36.50:497][  0]LogD3D11RHI: D3D11 min allowed feature level: 11_0
[2020.01.08-06.36.50:497][  0]LogD3D11RHI: D3D11 max allowed feature level: 11_0
[2020.01.08-06.36.50:497][  0]LogD3D11RHI: D3D11 adapters:
[2020.01.08-06.36.50:555][  0]LogD3D11RHI:    0. 'NVIDIA GeForce GTX 1080' (Feature Level 11_0)
[2020.01.08-06.36.50:555][  0]LogD3D11RHI:       8079/0/16289 MB DedicatedVideo/DedicatedSystem/SharedSystem, Outputs:1, VendorId:0x10de
[2020.01.08-06.36.50:574][  0]LogD3D11RHI:    1. 'Intel(R) UHD Graphics 630' (Feature Level 11_0)
[2020.01.08-06.36.50:574][  0]LogD3D11RHI:       128/0/16289 MB DedicatedVideo/DedicatedSystem/SharedSystem, Outputs:1, VendorId:0x8086
[2020.01.08-06.36.50:577][  0]LogD3D11RHI:    2. 'Microsoft Basic Render Driver' (Feature Level 11_0)
[2020.01.08-06.36.50:577][  0]LogD3D11RHI:       0/0/16289 MB DedicatedVideo/DedicatedSystem/SharedSystem, Outputs:0, VendorId:0x1414
[2020.01.08-06.36.50:577][  0]LogD3D11RHI: Chosen D3D11 Adapter: 0
[2020.01.08-06.36.50:583][  0]LogD3D11RHI: Creating new Direct3DDevice
[2020.01.08-06.36.50:583][  0]LogD3D11RHI:     GPU DeviceId: 0x1b80 (for the marketing name, search the web for "GPU Device Id")
[2020.01.08-06.36.50:583][  0]LogWindows: EnumDisplayDevices:
[2020.01.08-06.36.50:584][  0]LogWindows:    0. 'NVIDIA GeForce GTX 1080' (P:1 D:1)
[2020.01.08-06.36.50:584][  0]LogWindows:    1. 'NVIDIA GeForce GTX 1080' (P:0 D:0)
[2020.01.08-06.36.50:584][  0]LogWindows:    2. 'NVIDIA GeForce GTX 1080' (P:0 D:0)
[2020.01.08-06.36.50:585][  0]LogWindows:    3. 'NVIDIA GeForce GTX 1080' (P:0 D:0)
[2020.01.08-06.36.50:585][  0]LogWindows:    4. 'Intel(R) UHD Graphics 630' (P:0 D:1)
[2020.01.08-06.36.50:585][  0]LogWindows:    5. 'Intel(R) UHD Graphics 630' (P:0 D:0)
[2020.01.08-06.36.50:586][  0]LogWindows:    6. 'Intel(R) UHD Graphics 630' (P:0 D:0)
[2020.01.08-06.36.50:586][  0]LogWindows: DebugString: PrimaryIsNotTheChoosenAdapter PrimaryIsNotTheChoosenAdapter PrimaryIsNotTheChoosenAdapter FoundDriverCount:4 
[2020.01.08-06.36.50:586][  0]LogD3D11RHI:     Adapter Name: NVIDIA GeForce GTX 1080
[2020.01.08-06.36.50:586][  0]LogD3D11RHI:   Driver Version: 441.87 (internal:26.21.14.4187, unified:441.87)
[2020.01.08-06.36.50:586][  0]LogD3D11RHI:      Driver Date: 12-24-2019
[2020.01.08-06.36.50:586][  0]LogRHI: Texture pool is 5655 MB (70% of 8079 MB)
[2020.01.08-06.36.50:623][  0]LogD3D11RHI: RHI has support for 64 bit atomics
[2020.01.08-06.36.50:623][  0]LogD3D11RHI: Async texture creation enabled
[2020.01.08-06.36.50:651][  0]LogD3D11RHI: GPU Timing Frequency: 1000.000000 (Debug: 2 2)
[2020.01.08-06.36.50:953][  0]LogTargetPlatformManager: Display: Loaded TargetPlatform 'AllDesktop'
[2020.01.08-06.36.50:979][  0]LogTargetPlatformManager: Display: Loaded TargetPlatform 'Android'
[2020.01.08-06.36.50:979][  0]LogTargetPlatformManager: Display: Loaded TargetPlatform 'Android_ASTC'
[2020.01.08-06.36.50:979][  0]LogTargetPlatformManager: Display: Loaded TargetPlatform 'Android_ATC'
[2020.01.08-06.36.50:979][  0]LogTargetPlatformManager: Display: Loaded TargetPlatform 'Android_DXT'
[2020.01.08-06.36.50:979][  0]LogTargetPlatformManager: Display: Loaded TargetPlatform 'Android_ETC1'
[2020.01.08-06.36.50:979][  0]LogTargetPlatformManager: Display: Loaded TargetPlatform 'Android_ETC1a'
[2020.01.08-06.36.50:979][  0]LogTargetPlatformManager: Display: Loaded TargetPlatform 'Android_ETC2'
[2020.01.08-06.36.50:979][  0]LogTargetPlatformManager: Display: Loaded TargetPlatform 'Android_PVRTC'
[2020.01.08-06.36.50:979][  0]LogTargetPlatformManager: Display: Loaded TargetPlatform 'AndroidClient'
[2020.01.08-06.36.50:979][  0]LogTargetPlatformManager: Display: Loaded TargetPlatform 'Android_ASTCClient'
[2020.01.08-06.36.50:979][  0]LogTargetPlatformManager: Display: Loaded TargetPlatform 'Android_ATCClient'
[2020.01.08-06.36.50:979][  0]LogTargetPlatformManager: Display: Loaded TargetPlatform 'Android_DXTClient'
[2020.01.08-06.36.50:979][  0]LogTargetPlatformManager: Display: Loaded TargetPlatform 'Android_ETC1Client'
[2020.01.08-06.36.50:979][  0]LogTargetPlatformManager: Display: Loaded TargetPlatform 'Android_ETC1aClient'
[2020.01.08-06.36.50:979][  0]LogTargetPlatformManager: Display: Loaded TargetPlatform 'Android_ETC2Client'
[2020.01.08-06.36.50:979][  0]LogTargetPlatformManager: Display: Loaded TargetPlatform 'Android_PVRTCClient'
[2020.01.08-06.36.50:979][  0]LogTargetPlatformManager: Display: Loaded TargetPlatform 'Android_Multi'
[2020.01.08-06.36.50:979][  0]LogTargetPlatformManager: Display: Loaded TargetPlatform 'Android_MultiClient'
[2020.01.08-06.36.50:997][  0]LogTargetPlatformManager: Display: Loaded TargetPlatform 'IOSClient'
[2020.01.08-06.36.50:997][  0]LogTargetPlatformManager: Display: Loaded TargetPlatform 'IOS'
[2020.01.08-06.36.51:004][  0]LogTargetPlatformManager: Display: Loaded TargetPlatform 'LinuxNoEditor'
[2020.01.08-06.36.51:011][  0]LogTargetPlatformManager: Display: Loaded TargetPlatform 'LinuxClient'
[2020.01.08-06.36.51:019][  0]LogTargetPlatformManager: Display: Loaded TargetPlatform 'LinuxServer'
[2020.01.08-06.36.51:026][  0]LogTargetPlatformManager: Display: Loaded TargetPlatform 'LinuxAArch64NoEditor'
[2020.01.08-06.36.51:034][  0]LogTargetPlatformManager: Display: Loaded TargetPlatform 'LinuxAArch64Client'
[2020.01.08-06.36.51:041][  0]LogTargetPlatformManager: Display: Loaded TargetPlatform 'LinuxAArch64Server'
[2020.01.08-06.36.51:065][  0]LogTargetPlatformManager: Display: Loaded TargetPlatform 'Lumin'
[2020.01.08-06.36.51:065][  0]LogTargetPlatformManager: Display: Loaded TargetPlatform 'LuminClient'
[2020.01.08-06.36.51:078][  0]LogTargetPlatformManager: Display: Loaded TargetPlatform 'TVOSClient'
[2020.01.08-06.36.51:078][  0]LogTargetPlatformManager: Display: Loaded TargetPlatform 'TVOS'
[2020.01.08-06.36.51:085][  0]LogTargetPlatformManager: Display: Loaded TargetPlatform 'WindowsNoEditor'
[2020.01.08-06.36.51:093][  0]LogTargetPlatformManager: Display: Loaded TargetPlatform 'Windows'
[2020.01.08-06.36.51:100][  0]LogTargetPlatformManager: Display: Loaded TargetPlatform 'WindowsClient'
[2020.01.08-06.36.51:107][  0]LogTargetPlatformManager: Display: Loaded TargetPlatform 'WindowsServer'
[2020.01.08-06.36.51:107][  0]LogTargetPlatformManager: Display: Building Assets For Windows
[2020.01.08-06.36.51:112][  0]LogAudioDebug: Display: Lib vorbis DLL was dynamically loaded.
[2020.01.08-06.36.51:150][  0]LogShaderCompilers: Guid format shader working directory is 54 characters bigger than the processId version (D:/Git/Intermediate/Shaders/WorkingDirectory/2476/).
[2020.01.08-06.36.51:150][  0]LogShaderCompilers: Cleaned the shader compiler working directory 'C:/Users/Namowebiz_AlienWare/AppData/Local/Temp/UnrealShaderWorkingDir/9961FFE44415EA6027F4828D58E08D6D/'.
[2020.01.08-06.36.51:150][  0]LogXGEController: Cleaning working directory: C:/Users/Namowebiz_AlienWare/AppData/Local/Temp/UnrealXGEWorkingDir/
[2020.01.08-06.36.51:151][  0]LogXGEController: Cannot use XGE Controller as Incredibuild is not installed on this machine.
[2020.01.08-06.36.51:151][  0]LogShaderCompilers: Cannot use XGE Shader Compiler as Incredibuild is not installed on this machine.
[2020.01.08-06.36.51:151][  0]LogShaderCompilers: Display: Using Local Shader Compiler.
[2020.01.08-06.36.51:758][  0]LogDerivedDataCache: Display: Max Cache Size: 512 MB
[2020.01.08-06.36.51:801][  0]LogDerivedDataCache: Loaded boot cache 0.04s 78MB C:/Users/Namowebiz_AlienWare/AppData/Local/UnrealEngine/4.24/DerivedDataCache/Boot.ddc.
[2020.01.08-06.36.51:802][  0]LogDerivedDataCache: Display: Loaded Boot cache: C:/Users/Namowebiz_AlienWare/AppData/Local/UnrealEngine/4.24/DerivedDataCache/Boot.ddc
[2020.01.08-06.36.51:802][  0]LogDerivedDataCache: FDerivedDataBackendGraph:  Pak pak cache file D:/Git/DerivedDataCache/DDC.ddp not found, will not use a pak cache.
[2020.01.08-06.36.51:802][  0]LogDerivedDataCache: Unable to find inner node Pak for hierarchical cache Hierarchy.
[2020.01.08-06.36.51:802][  0]LogDerivedDataCache: FDerivedDataBackendGraph:  CompressedPak pak cache file D:/Git/DerivedDataCache/Compressed.ddp not found, will not use a pak cache.
[2020.01.08-06.36.51:802][  0]LogDerivedDataCache: Unable to find inner node CompressedPak for hierarchical cache Hierarchy.
[2020.01.08-06.36.51:810][  0]LogDerivedDataCache: Display: Pak cache opened for reading ../../../Engine/DerivedDataCache/Compressed.ddp.
[2020.01.08-06.36.51:810][  0]LogDerivedDataCache: FDerivedDataBackendGraph:  EnterprisePak pak cache file ../../../Enterprise/DerivedDataCache/Compressed.ddp not found, will not use a pak cache.
[2020.01.08-06.36.51:810][  0]LogDerivedDataCache: Unable to find inner node EnterprisePak for hierarchical cache Hierarchy.
[2020.01.08-06.36.51:811][  0]LogDerivedDataCache: Using Local data cache path C:/Users/Namowebiz_AlienWare/AppData/Local/UnrealEngine/Common/DerivedDataCache: Writable
[2020.01.08-06.36.51:811][  0]LogDerivedDataCache: Shared data cache path not found in *engine.ini, will not use an Shared cache.
[2020.01.08-06.36.51:811][  0]LogDerivedDataCache: Unable to find inner node Shared for hierarchical cache Hierarchy.
[2020.01.08-06.36.51:832][  0]LogMaterial: Verifying Global Shaders for PCD3D_SM5
[2020.01.08-06.36.51:834][  0]LogSlate: Using FreeType 2.10.0
[2020.01.08-06.36.51:835][  0]LogSlate: SlateFontServices - WITH_FREETYPE: 1, WITH_HARFBUZZ: 1
[2020.01.08-06.36.51:891][  0]LogAssetRegistry: FAssetRegistry took 0.0022 seconds to start up
[2020.01.08-06.36.52:123][  0]LogInit: Selected Device Profile: [Windows]
[2020.01.08-06.36.52:271][  0]LogMeshReduction: Using QuadricMeshReduction for automatic static mesh reduction
[2020.01.08-06.36.52:271][  0]LogMeshReduction: Using SimplygonMeshReduction for automatic skeletal mesh reduction
[2020.01.08-06.36.52:271][  0]LogMeshReduction: Using ProxyLODMeshReduction for automatic mesh merging
[2020.01.08-06.36.52:271][  0]LogMeshReduction: No distributed automatic mesh merging module available
[2020.01.08-06.36.52:271][  0]LogMeshMerging: No distributed automatic mesh merging module available
[2020.01.08-06.36.52:284][  0]LogNetVersion: python 1.0.0, NetCL: 10570792, EngineNetVer: 13, GameNetVer: 0 (Checksum: 1437817922)
[2020.01.08-06.36.53:304][  0]LogPackageLocalizationCache: Processed 11 localized package path(s) for 1 prioritized culture(s) in 0.040889 seconds
[2020.01.08-06.36.53:310][  0]LogUObjectArray: 46750 objects as part of root set at end of initial load.
[2020.01.08-06.36.53:310][  0]LogUObjectAllocator: 8137160 out of 0 bytes used by permanent object pool.
[2020.01.08-06.36.53:310][  0]LogUObjectArray: CloseDisregardForGC: 0/0 objects in disregard for GC pool
[2020.01.08-06.36.53:671][  0]LogPython: Using Python 2.7.14
[2020.01.08-06.36.54:403][  0]LogTcpMessaging: Initializing TcpMessaging bridge
[2020.01.08-06.36.54:406][  0]LogUdpMessaging: Initializing bridge on interface 0.0.0.0:0 to multicast group 230.0.0.1:6666.
[2020.01.08-06.36.54:483][  0]SourceControl: 소스 컨트롤이 꺼졌습니다.
[2020.01.08-06.36.54:483][  0]SourceControl: 소스 컨트롤이 꺼졌습니다.
[2020.01.08-06.36.54:484][  0]SourceControl: 소스 컨트롤이 꺼졌습니다.
[2020.01.08-06.36.54:486][  0]SourceControl: 소스 컨트롤이 꺼졌습니다.
[2020.01.08-06.36.54:487][  0]SourceControl: 소스 컨트롤이 꺼졌습니다.
[2020.01.08-06.36.54:619][  0]LogAndroidPermission: UAndroidPermissionCallbackProxy::GetInstance
[2020.01.08-06.36.54:643][  0]LogAudioCaptureCore: Display: No Audio Capture implementations found. Audio input will be silent.
[2020.01.08-06.36.54:643][  0]LogAudioCaptureCore: Display: No Audio Capture implementations found. Audio input will be silent.
[2020.01.08-06.36.54:738][  0]LogOcInput: OculusInput pre-init called
[2020.01.08-06.36.54:747][  0]LogWindows: Failed to load 'OVRPlugin.dll' (GetLastError=126)
[2020.01.08-06.36.54:747][  0]LogWindows: File 'OVRPlugin.dll' does not exist
[2020.01.08-06.36.54:805][  0]LogEngine: Initializing Engine...
[2020.01.08-06.36.54:806][  0]LogHMD: SteamVR initialized.  Driver: lighthouse  Display: LHR-3FCEBDB6
[2020.01.08-06.36.54:807][  0]LogStats: UGameplayTagsManager::InitializeManager -  0.000 s
[2020.01.08-06.36.55:079][  0]LogInit: Initializing FReadOnlyCVARCache
[2020.01.08-06.36.55:088][  0]LogAIModule: Creating AISystem for world Untitled
[2020.01.08-06.36.55:101][  0]LogAudioMixer: Display: Audio Mixer Platform Settings:
[2020.01.08-06.36.55:101][  0]LogAudioMixer: Display: 	Sample Rate:						  48000
[2020.01.08-06.36.55:101][  0]LogAudioMixer: Display: 	Callback Buffer Frame Size Requested: 1024
[2020.01.08-06.36.55:101][  0]LogAudioMixer: Display: 	Callback Buffer Frame Size To Use:	  1024
[2020.01.08-06.36.55:101][  0]LogAudioMixer: Display: 	Number of buffers to queue:			  2
[2020.01.08-06.36.55:101][  0]LogAudioMixer: Display: 	Max Channels (voices):				  32
[2020.01.08-06.36.55:101][  0]LogAudioMixer: Display: 	Number of Async Source Workers:		  0
[2020.01.08-06.36.55:101][  0]LogAudio: Display: AudioDevice MaxSources: 32
[2020.01.08-06.36.55:102][  0]LogAudio: Display: Using built-in audio occlusion.
[2020.01.08-06.36.55:102][  0]LogAudioMixer: Display: Initializing audio mixer.
[2020.01.08-06.36.55:180][  0]LogAudioMixer: Display: Audio Device Output Speaker Info:
[2020.01.08-06.36.55:180][  0]LogAudioMixer: Display: Name: HTC-VIVE(NVIDIA High Definition Audio)
[2020.01.08-06.36.55:180][  0]LogAudioMixer: Display: Is Default: Yes
[2020.01.08-06.36.55:180][  0]LogAudioMixer: Display: Sample Rate: 48000
[2020.01.08-06.36.55:180][  0]LogAudioMixer: Display: Channel Count Used: 2
[2020.01.08-06.36.55:180][  0]LogAudioMixer: Display: Device Channel Count: 2
[2020.01.08-06.36.55:180][  0]LogAudioMixer: Display: Channel Order:
[2020.01.08-06.36.55:180][  0]LogAudioMixer: Display: 0: FrontLeft
[2020.01.08-06.36.55:180][  0]LogAudioMixer: Display: 1: FrontRight
[2020.01.08-06.36.55:204][  0]LogAudioMixer: Display: Using Audio Device HTC-VIVE(NVIDIA High Definition Audio)
[2020.01.08-06.36.55:208][  0]LogInit: FAudioDevice initialized.
[2020.01.08-06.36.55:208][  0]LogNetVersion: Set ProjectVersion to 1.0.0.0. Version Checksum will be recalculated on next use.
[2020.01.08-06.36.55:246][  0]LogDerivedDataCache: Saved boot cache 0.04s 78MB C:/Users/Namowebiz_AlienWare/AppData/Local/UnrealEngine/4.24/DerivedDataCache/Boot.ddc.
[2020.01.08-06.36.55:253][  0]LogInit: Texture streaming: Enabled
[2020.01.08-06.36.55:265][  0]LogEngineSessionManager: EngineSessionManager initialized
[2020.01.08-06.36.55:265][  0]LogEditorSessionSummary: Verbose: Initializing EditorSessionSummaryWriter for editor session tracking
[2020.01.08-06.36.55:268][  0]LogEditorSessionSummary: EditorSessionSummaryWriter initialized
[2020.01.08-06.36.55:313][  0]LogInit: Transaction tracking system initialized
[2020.01.08-06.36.55:327][  0]BlueprintLog: New page: 에디터 로드
[2020.01.08-06.36.55:366][  0]LocalizationService: 현지화 서비스가 비활성화되었습니다.
[2020.01.08-06.36.55:406][  0]LogLinker: Warning: '{FileName}': 파일을 찾을 수 없습니다. 로드에 실패했습니다.
[2020.01.08-06.36.55:406][  0]LogLinker: Warning: '{FileName}': 파일을 찾을 수 없습니다. 로드에 실패했습니다.
[2020.01.08-06.36.55:406][  0]LogUObjectGlobals: Warning: 'Class /Game/TopDownBP/TopDownOverview.TopDownOverview_C' 오브젝트를 찾는 데 실패했습니다.
[2020.01.08-06.36.55:624][  0]LogFileCache: Scanning file cache for directory 'D:/Git/Content/' took 0.00s
[2020.01.08-06.36.55:624][  0]LogCook: Display: Max memory allowance for cook 16384mb min free memory 0mb
[2020.01.08-06.36.55:624][  0]LogCook: Display: Mobile HDR setting 1
[2020.01.08-06.36.56:317][  0]SourceControl: 소스 컨트롤이 꺼졌습니다.
[2020.01.08-06.36.56:317][  0]Cmd: MAP LOAD FILE="D:/Git/Content/ThirdPersonBP/Maps/ThirdPersonExampleMap.umap" TEMPLATE=0 SHOWPROGRESS=1 FEATURELEVEL=3
[2020.01.08-06.36.56:346][  0]LightingResults: New page: 라이팅 빌드
[2020.01.08-06.36.56:347][  0]LogWorld: UWorld::CleanupWorld for Untitled, bSessionEnded=true, bCleanupResources=true
[2020.01.08-06.36.56:347][  0]LogSlate: InvalidateAllWidgets triggered.  All widgets were invalidated
[2020.01.08-06.36.56:348][  0]MapCheck: New page: 맵 체크
[2020.01.08-06.36.56:348][  0]LightingResults: New page: 라이팅 빌드
[2020.01.08-06.36.56:375][  0]LogUObjectHash: Compacting FUObjectHashTables data took   1.39ms
[2020.01.08-06.36.57:538][  0]LogAIModule: Creating AISystem for world ThirdPersonExampleMap
[2020.01.08-06.36.57:557][  0]LogEditorServer: Finished looking for orphan Actors (0.000 secs)
[2020.01.08-06.36.57:583][  0]LogUObjectHash: Compacting FUObjectHashTables data took   1.73ms
[2020.01.08-06.36.57:583][  0]Cmd: MAP CHECKDEP NOCLEARLOG
[2020.01.08-06.36.57:583][  0]MapCheck: 맵 체크 완료: 오류 0 회, 경고 0 회, 소요 시간 0.065ms.
[2020.01.08-06.36.57:583][  0]LogFileHelpers: Loading map 'ThirdPersonExampleMap' took 1.266
[2020.01.08-06.36.57:730][  0]LogSlate: Updating window title bar state: overlay mode, drag disabled, window buttons hidden, title bar hidden
[2020.01.08-06.36.57:736][  0]LogSlate: Updating window title bar state: overlay mode, drag disabled, window buttons hidden, title bar hidden
[2020.01.08-06.36.57:742][  0]LogSlate: Updating window title bar state: overlay mode, drag disabled, window buttons hidden, title bar hidden
[2020.01.08-06.36.57:747][  0]LogSlate: Updating window title bar state: overlay mode, drag disabled, window buttons hidden, title bar hidden
[2020.01.08-06.36.57:753][  0]LogCollectionManager: Loaded 0 collections in 0.001741 seconds
[2020.01.08-06.36.57:763][  0]LogFileCache: Scanning file cache for directory 'D:/Git/Saved/Collections/' took 0.00s
[2020.01.08-06.36.57:763][  0]LogFileCache: Scanning file cache for directory 'D:/Git/Content/Developers/NamowebizAlienWare/Collections/' took 0.00s
[2020.01.08-06.36.57:763][  0]LogFileCache: Scanning file cache for directory 'D:/Git/Content/Collections/' took 0.00s
[2020.01.08-06.36.57:763][  0]LogContentBrowser: Native class hierarchy populated in 0.0066 seconds. Added 3033 classes and 723 folders.
[2020.01.08-06.36.57:766][  0]LogContentBrowser: Native class hierarchy updated for 'WidgetCarousel' in 0.0002 seconds. Added 0 classes and 0 folders.
[2020.01.08-06.36.57:827][  0]LogContentBrowser: Native class hierarchy updated for 'AddContentDialog' in 0.0002 seconds. Added 0 classes and 0 folders.
[2020.01.08-06.36.57:833][  0]LogContentBrowser: Native class hierarchy updated for 'SceneOutliner' in 0.0002 seconds. Added 2 classes and 3 folders.
[2020.01.08-06.36.57:920][  0]LogContentBrowser: Native class hierarchy updated for 'HierarchicalLODOutliner' in 0.0002 seconds. Added 0 classes and 0 folders.
[2020.01.08-06.36.57:920][  0]LogLoad: (Engine Initialization) Total time: 10.22 seconds
[2020.01.08-06.36.57:920][  0]LogLoad: (Engine Initialization) Total Blueprint compile time: 0.00 seconds
[2020.01.08-06.36.57:935][  0]LogSteamVRInputDevice: Display: SteamVR runtime 1.5.17 loaded.
[2020.01.08-06.36.57:936][  0]LogSteamVRInputDevice: Display: Action Manifest Path: D:/Git/Config/SteamVRBindings/steamvr_manifest.json
[2020.01.08-06.36.57:936][  0]LogSteamVRInputDevice: Display: Controller Bindings Path: D:/Git/Config/SteamVRBindings
[2020.01.08-06.36.57:938][  0]LogSteamVRInputDevice: Searching for Controller Bindings files at: D:/Git/Config/SteamVRBindings
[2020.01.08-06.36.58:069][  0]LogSteamVRInputDevice: Display: [STEAMVR INPUT] Registering Application Manifest D:/Git/Config/steamvr_ue_editor_app.json : VRApplicationError_None
[2020.01.08-06.36.58:070][  0]LogSteamVRInputDevice: Display: [STEAMVR INPUT] Editor Application [2476][application.generated.ue.third-person-bp-game-template-10757647.ue4editor.exe] identified to SteamVR: VRApplicationError_None
[2020.01.08-06.36.58:070][  0]LogSteamVRInputDevice: Display: [STEAMVR INPUT] Trying to load Action Manifest from: D:/Git/Config/SteamVRBindings/steamvr_manifest.json
[2020.01.08-06.36.58:070][  0]LogSteamVRInputDevice: Error: [STEAMVR INPUT] Setting Action Manifest Path Result: Mismatched Action Manifest
[2020.01.08-06.36.58:071][  0]LogSteamVRInputDevice: Display: [STEAMVR INPUT] Setting main action set: Success
[2020.01.08-06.36.58:071][  0]LogSteamVRInputDevice: Display: Retrieving Action Handle: /actions/main/in/controllerleft
[2020.01.08-06.36.58:071][  0]LogSteamVRInputDevice: Display: [STEAMVR INPUT] Setting Action Handle Path Result: Success
[2020.01.08-06.36.58:071][  0]LogSteamVRInputDevice: Display: Retrieving Action Handle: /actions/main/in/controllerright
[2020.01.08-06.36.58:071][  0]LogSteamVRInputDevice: Display: [STEAMVR INPUT] Setting Action Handle Path Result: Success
[2020.01.08-06.36.58:071][  0]LogSteamVRInputDevice: Display: Retrieving Action Handle: /actions/main/in/special1
[2020.01.08-06.36.58:071][  0]LogSteamVRInputDevice: Display: [STEAMVR INPUT] Setting Action Handle Path Result: Success
[2020.01.08-06.36.58:071][  0]LogSteamVRInputDevice: Display: Retrieving Action Handle: /actions/main/in/special2
[2020.01.08-06.36.58:071][  0]LogSteamVRInputDevice: Display: [STEAMVR INPUT] Setting Action Handle Path Result: Success
[2020.01.08-06.36.58:071][  0]LogSteamVRInputDevice: Display: Retrieving Action Handle: /actions/main/in/special3
[2020.01.08-06.36.58:071][  0]LogSteamVRInputDevice: Display: [STEAMVR INPUT] Setting Action Handle Path Result: Success
[2020.01.08-06.36.58:072][  0]LogSteamVRInputDevice: Display: Retrieving Action Handle: /actions/main/in/special4
[2020.01.08-06.36.58:072][  0]LogSteamVRInputDevice: Display: [STEAMVR INPUT] Setting Action Handle Path Result: Success
[2020.01.08-06.36.58:072][  0]LogSteamVRInputDevice: Display: Retrieving Action Handle: /actions/main/in/special5
[2020.01.08-06.36.58:072][  0]LogSteamVRInputDevice: Display: [STEAMVR INPUT] Setting Action Handle Path Result: Success
[2020.01.08-06.36.58:072][  0]LogSteamVRInputDevice: Display: Retrieving Action Handle: /actions/main/in/special6
[2020.01.08-06.36.58:072][  0]LogSteamVRInputDevice: Display: [STEAMVR INPUT] Setting Action Handle Path Result: Success
[2020.01.08-06.36.58:072][  0]LogSteamVRInputDevice: Display: Retrieving Action Handle: /actions/main/in/special7
[2020.01.08-06.36.58:072][  0]LogSteamVRInputDevice: Display: [STEAMVR INPUT] Setting Action Handle Path Result: Success
[2020.01.08-06.36.58:072][  0]LogSteamVRInputDevice: Display: Retrieving Action Handle: /actions/main/in/special8
[2020.01.08-06.36.58:072][  0]LogSteamVRInputDevice: Display: [STEAMVR INPUT] Setting Action Handle Path Result: Success
[2020.01.08-06.36.58:072][  0]LogSteamVRInputDevice: Display: Retrieving Action Handle: /actions/main/in/skeletonleft
[2020.01.08-06.36.58:072][  0]LogSteamVRInputDevice: Display: [STEAMVR INPUT] Setting Action Handle Path Result: Success
[2020.01.08-06.36.58:072][  0]LogSteamVRInputDevice: Display: Retrieving Action Handle: /actions/main/in/skeletonright
[2020.01.08-06.36.58:072][  0]LogSteamVRInputDevice: Display: [STEAMVR INPUT] Setting Action Handle Path Result: Success
[2020.01.08-06.36.58:072][  0]LogSteamVRInputDevice: Display: Retrieving Action Handle: /actions/main/in/open_console
[2020.01.08-06.36.58:072][  0]LogSteamVRInputDevice: Display: [STEAMVR INPUT] Setting Action Handle Path Result: Success
[2020.01.08-06.36.58:073][  0]LogSteamVRInputDevice: Display: Retrieving Action Handle: /actions/main/out/vibrateleft
[2020.01.08-06.36.58:073][  0]LogSteamVRInputDevice: Display: [STEAMVR INPUT] Setting Action Handle Path Result: Success
[2020.01.08-06.36.58:073][  0]LogSteamVRInputDevice: Display: Retrieving Action Handle: /actions/main/out/vibrateright
[2020.01.08-06.36.58:073][  0]LogSteamVRInputDevice: Display: [STEAMVR INPUT] Setting Action Handle Path Result: Success
[2020.01.08-06.36.58:073][  0]LogSteamVRInputDevice: Display: Retrieving Action Handle: /actions/main/in/Jump
[2020.01.08-06.36.58:073][  0]LogSteamVRInputDevice: Display: [STEAMVR INPUT] Setting Action Handle Path Result: Success
[2020.01.08-06.36.58:073][  0]LogSteamVRInputDevice: Display: Retrieving Action Handle: /actions/main/in/Jump
[2020.01.08-06.36.58:073][  0]LogSteamVRInputDevice: Display: [STEAMVR INPUT] Setting Action Handle Path Result: Success
[2020.01.08-06.36.58:073][  0]LogSteamVRInputDevice: Display: Retrieving Action Handle: /actions/main/in/Jump
[2020.01.08-06.36.58:073][  0]LogSteamVRInputDevice: Display: [STEAMVR INPUT] Setting Action Handle Path Result: Success
[2020.01.08-06.36.58:073][  0]LogSteamVRInputDevice: Display: Retrieving Action Handle: /actions/main/in/Jump
[2020.01.08-06.36.58:073][  0]LogSteamVRInputDevice: Display: [STEAMVR INPUT] Setting Action Handle Path Result: Success
[2020.01.08-06.36.58:073][  0]LogSteamVRInputDevice: Display: Retrieving Action Handle: /actions/main/in/Jump
[2020.01.08-06.36.58:073][  0]LogSteamVRInputDevice: Display: [STEAMVR INPUT] Setting Action Handle Path Result: Success
[2020.01.08-06.36.58:073][  0]LogSteamVRInputDevice: Display: Retrieving Action Handle: /actions/main/in/Jump
[2020.01.08-06.36.58:073][  0]LogSteamVRInputDevice: Display: [STEAMVR INPUT] Setting Action Handle Path Result: Success
[2020.01.08-06.36.58:073][  0]LogSteamVRInputDevice: Display: Retrieving Action Handle: /actions/main/in/Jump
[2020.01.08-06.36.58:073][  0]LogSteamVRInputDevice: Display: [STEAMVR INPUT] Setting Action Handle Path Result: Success
[2020.01.08-06.36.58:073][  0]LogSteamVRInputDevice: Display: Retrieving Action Handle: /actions/main/in/Jump
[2020.01.08-06.36.58:073][  0]LogSteamVRInputDevice: Display: [STEAMVR INPUT] Setting Action Handle Path Result: Success
[2020.01.08-06.36.58:073][  0]LogSteamVRInputDevice: Display: Retrieving Action Handle: /actions/main/in/ResetVR
[2020.01.08-06.36.58:073][  0]LogSteamVRInputDevice: Display: [STEAMVR INPUT] Setting Action Handle Path Result: Success
[2020.01.08-06.36.58:073][  0]LogSteamVRInputDevice: Display: Retrieving Action Handle: /actions/main/in/ResetVR
[2020.01.08-06.36.58:073][  0]LogSteamVRInputDevice: Display: [STEAMVR INPUT] Setting Action Handle Path Result: Success
[2020.01.08-06.36.58:073][  0]LogSteamVRInputDevice: Display: Retrieving Action Handle: /actions/main/in/ResetVR
[2020.01.08-06.36.58:073][  0]LogSteamVRInputDevice: Display: [STEAMVR INPUT] Setting Action Handle Path Result: Success
[2020.01.08-06.36.58:073][  0]LogSteamVRInputDevice: Display: Retrieving Action Handle: /actions/main/in/ResetVR
[2020.01.08-06.36.58:073][  0]LogSteamVRInputDevice: Display: [STEAMVR INPUT] Setting Action Handle Path Result: Success
[2020.01.08-06.36.58:073][  0]LogSteamVRInputDevice: Display: Retrieving Action Handle: /actions/main/in/MoveRight axis
[2020.01.08-06.36.58:073][  0]LogSteamVRInputDevice: Display: [STEAMVR INPUT] Setting Action Handle Path Result: Success
[2020.01.08-06.36.58:073][  0]LogSteamVRInputDevice: Display: Retrieving Action Handle: /actions/main/in/MoveRight axis
[2020.01.08-06.36.58:073][  0]LogSteamVRInputDevice: Display: [STEAMVR INPUT] Setting Action Handle Path Result: Success
[2020.01.08-06.36.58:073][  0]LogSteamVRInputDevice: Display: Retrieving Action Handle: /actions/main/in/MoveRight axis
[2020.01.08-06.36.58:073][  0]LogSteamVRInputDevice: Display: [STEAMVR INPUT] Setting Action Handle Path Result: Success
[2020.01.08-06.36.58:073][  0]LogSteamVRInputDevice: Display: Retrieving Action Handle: /actions/main/in/MoveRight axis
[2020.01.08-06.36.58:073][  0]LogSteamVRInputDevice: Display: [STEAMVR INPUT] Setting Action Handle Path Result: Success
[2020.01.08-06.36.58:074][  0]LogSteamVRInputDevice: Display: Retrieving Action Handle: /actions/main/in/TurnRate axis
[2020.01.08-06.36.58:074][  0]LogSteamVRInputDevice: Display: [STEAMVR INPUT] Setting Action Handle Path Result: Success
[2020.01.08-06.36.58:074][  0]LogSteamVRInputDevice: Display: Retrieving Action Handle: /actions/main/in/TurnRate axis
[2020.01.08-06.36.58:074][  0]LogSteamVRInputDevice: Display: [STEAMVR INPUT] Setting Action Handle Path Result: Success
[2020.01.08-06.36.58:074][  0]LogSteamVRInputDevice: Display: Retrieving Action Handle: /actions/main/in/TurnRate axis
[2020.01.08-06.36.58:074][  0]LogSteamVRInputDevice: Display: [STEAMVR INPUT] Setting Action Handle Path Result: Success
[2020.01.08-06.36.58:074][  0]LogSteamVRInputDevice: Display: Retrieving Action Handle: /actions/main/in/TurnRate axis
[2020.01.08-06.36.58:074][  0]LogSteamVRInputDevice: Display: [STEAMVR INPUT] Setting Action Handle Path Result: Success
[2020.01.08-06.36.58:074][  0]LogSteamVRInputDevice: Display: Action Manifest Path: D:/Git/Config/SteamVRBindings/steamvr_manifest.json
[2020.01.08-06.36.58:074][  0]LogSteamVRInputDevice: Display: Controller Bindings Path: D:/Git/Config/SteamVRBindings
[2020.01.08-06.36.58:076][  0]LogSteamVRInputDevice: Searching for Controller Bindings files at: D:/Git/Config/SteamVRBindings
[2020.01.08-06.36.58:079][  0]LogSteamVRInputDevice: Display: [STEAMVR INPUT] Registering Application Manifest D:/Git/Config/steamvr_ue_editor_app.json : VRApplicationError_None
[2020.01.08-06.36.58:079][  0]LogSteamVRInputDevice: Display: [STEAMVR INPUT] Editor Application [2476][application.generated.ue.third-person-bp-game-template-10757647.ue4editor.exe] identified to SteamVR: VRApplicationError_None
[2020.01.08-06.36.58:079][  0]LogSteamVRInputDevice: Display: [STEAMVR INPUT] Trying to load Action Manifest from: D:/Git/Config/SteamVRBindings/steamvr_manifest.json
[2020.01.08-06.36.58:080][  0]LogSteamVRInputDevice: Error: [STEAMVR INPUT] Setting Action Manifest Path Result: Mismatched Action Manifest
[2020.01.08-06.36.58:080][  0]LogSteamVRInputDevice: Display: [STEAMVR INPUT] Setting main action set: Success
[2020.01.08-06.36.58:080][  0]LogSteamVRInputDevice: Display: Retrieving Action Handle: /actions/main/in/controllerleft
[2020.01.08-06.36.58:080][  0]LogSteamVRInputDevice: Display: [STEAMVR INPUT] Setting Action Handle Path Result: Success
[2020.01.08-06.36.58:080][  0]LogSteamVRInputDevice: Display: Retrieving Action Handle: /actions/main/in/controllerright
[2020.01.08-06.36.58:080][  0]LogSteamVRInputDevice: Display: [STEAMVR INPUT] Setting Action Handle Path Result: Success
[2020.01.08-06.36.58:080][  0]LogSteamVRInputDevice: Display: Retrieving Action Handle: /actions/main/in/special1
[2020.01.08-06.36.58:080][  0]LogSteamVRInputDevice: Display: [STEAMVR INPUT] Setting Action Handle Path Result: Success
[2020.01.08-06.36.58:080][  0]LogSteamVRInputDevice: Display: Retrieving Action Handle: /actions/main/in/special2
[2020.01.08-06.36.58:080][  0]LogSteamVRInputDevice: Display: [STEAMVR INPUT] Setting Action Handle Path Result: Success
[2020.01.08-06.36.58:080][  0]LogSteamVRInputDevice: Display: Retrieving Action Handle: /actions/main/in/special3
[2020.01.08-06.36.58:080][  0]LogSteamVRInputDevice: Display: [STEAMVR INPUT] Setting Action Handle Path Result: Success
[2020.01.08-06.36.58:080][  0]LogSteamVRInputDevice: Display: Retrieving Action Handle: /actions/main/in/special4
[2020.01.08-06.36.58:080][  0]LogSteamVRInputDevice: Display: [STEAMVR INPUT] Setting Action Handle Path Result: Success
[2020.01.08-06.36.58:080][  0]LogSteamVRInputDevice: Display: Retrieving Action Handle: /actions/main/in/special5
[2020.01.08-06.36.58:080][  0]LogSteamVRInputDevice: Display: [STEAMVR INPUT] Setting Action Handle Path Result: Success
[2020.01.08-06.36.58:080][  0]LogSteamVRInputDevice: Display: Retrieving Action Handle: /actions/main/in/special6
[2020.01.08-06.36.58:080][  0]LogSteamVRInputDevice: Display: [STEAMVR INPUT] Setting Action Handle Path Result: Success
[2020.01.08-06.36.58:080][  0]LogSteamVRInputDevice: Display: Retrieving Action Handle: /actions/main/in/special7
[2020.01.08-06.36.58:080][  0]LogSteamVRInputDevice: Display: [STEAMVR INPUT] Setting Action Handle Path Result: Success
[2020.01.08-06.36.58:080][  0]LogSteamVRInputDevice: Display: Retrieving Action Handle: /actions/main/in/special8
[2020.01.08-06.36.58:080][  0]LogSteamVRInputDevice: Display: [STEAMVR INPUT] Setting Action Handle Path Result: Success
[2020.01.08-06.36.58:080][  0]LogSteamVRInputDevice: Display: Retrieving Action Handle: /actions/main/in/skeletonleft
[2020.01.08-06.36.58:080][  0]LogSteamVRInputDevice: Display: [STEAMVR INPUT] Setting Action Handle Path Result: Success
[2020.01.08-06.36.58:080][  0]LogSteamVRInputDevice: Display: Retrieving Action Handle: /actions/main/in/skeletonright
[2020.01.08-06.36.58:080][  0]LogSteamVRInputDevice: Display: [STEAMVR INPUT] Setting Action Handle Path Result: Success
[2020.01.08-06.36.58:080][  0]LogSteamVRInputDevice: Display: Retrieving Action Handle: /actions/main/in/open_console
[2020.01.08-06.36.58:080][  0]LogSteamVRInputDevice: Display: [STEAMVR INPUT] Setting Action Handle Path Result: Success
[2020.01.08-06.36.58:080][  0]LogSteamVRInputDevice: Display: Retrieving Action Handle: /actions/main/out/vibrateleft
[2020.01.08-06.36.58:080][  0]LogSteamVRInputDevice: Display: [STEAMVR INPUT] Setting Action Handle Path Result: Success
[2020.01.08-06.36.58:080][  0]LogSteamVRInputDevice: Display: Retrieving Action Handle: /actions/main/out/vibrateright
[2020.01.08-06.36.58:080][  0]LogSteamVRInputDevice: Display: [STEAMVR INPUT] Setting Action Handle Path Result: Success
[2020.01.08-06.36.58:080][  0]LogSteamVRInputDevice: Display: Retrieving Action Handle: /actions/main/in/Jump
[2020.01.08-06.36.58:080][  0]LogSteamVRInputDevice: Display: [STEAMVR INPUT] Setting Action Handle Path Result: Success
[2020.01.08-06.36.58:080][  0]LogSteamVRInputDevice: Display: Retrieving Action Handle: /actions/main/in/Jump
[2020.01.08-06.36.58:080][  0]LogSteamVRInputDevice: Display: [STEAMVR INPUT] Setting Action Handle Path Result: Success
[2020.01.08-06.36.58:080][  0]LogSteamVRInputDevice: Display: Retrieving Action Handle: /actions/main/in/Jump
[2020.01.08-06.36.58:080][  0]LogSteamVRInputDevice: Display: [STEAMVR INPUT] Setting Action Handle Path Result: Success
[2020.01.08-06.36.58:080][  0]LogSteamVRInputDevice: Display: Retrieving Action Handle: /actions/main/in/Jump
[2020.01.08-06.36.58:080][  0]LogSteamVRInputDevice: Display: [STEAMVR INPUT] Setting Action Handle Path Result: Success
[2020.01.08-06.36.58:080][  0]LogSteamVRInputDevice: Display: Retrieving Action Handle: /actions/main/in/Jump
[2020.01.08-06.36.58:080][  0]LogSteamVRInputDevice: Display: [STEAMVR INPUT] Setting Action Handle Path Result: Success
[2020.01.08-06.36.58:080][  0]LogSteamVRInputDevice: Display: Retrieving Action Handle: /actions/main/in/Jump
[2020.01.08-06.36.58:080][  0]LogSteamVRInputDevice: Display: [STEAMVR INPUT] Setting Action Handle Path Result: Success
[2020.01.08-06.36.58:080][  0]LogSteamVRInputDevice: Display: Retrieving Action Handle: /actions/main/in/Jump
[2020.01.08-06.36.58:080][  0]LogSteamVRInputDevice: Display: [STEAMVR INPUT] Setting Action Handle Path Result: Success
[2020.01.08-06.36.58:080][  0]LogSteamVRInputDevice: Display: Retrieving Action Handle: /actions/main/in/Jump
[2020.01.08-06.36.58:080][  0]LogSteamVRInputDevice: Display: [STEAMVR INPUT] Setting Action Handle Path Result: Success
[2020.01.08-06.36.58:080][  0]LogSteamVRInputDevice: Display: Retrieving Action Handle: /actions/main/in/ResetVR
[2020.01.08-06.36.58:080][  0]LogSteamVRInputDevice: Display: [STEAMVR INPUT] Setting Action Handle Path Result: Success
[2020.01.08-06.36.58:080][  0]LogSteamVRInputDevice: Display: Retrieving Action Handle: /actions/main/in/ResetVR
[2020.01.08-06.36.58:080][  0]LogSteamVRInputDevice: Display: [STEAMVR INPUT] Setting Action Handle Path Result: Success
[2020.01.08-06.36.58:080][  0]LogSteamVRInputDevice: Display: Retrieving Action Handle: /actions/main/in/ResetVR
[2020.01.08-06.36.58:080][  0]LogSteamVRInputDevice: Display: [STEAMVR INPUT] Setting Action Handle Path Result: Success
[2020.01.08-06.36.58:080][  0]LogSteamVRInputDevice: Display: Retrieving Action Handle: /actions/main/in/ResetVR
[2020.01.08-06.36.58:080][  0]LogSteamVRInputDevice: Display: [STEAMVR INPUT] Setting Action Handle Path Result: Success
[2020.01.08-06.36.58:080][  0]LogSteamVRInputDevice: Display: Retrieving Action Handle: /actions/main/in/MoveRight axis
[2020.01.08-06.36.58:080][  0]LogSteamVRInputDevice: Display: [STEAMVR INPUT] Setting Action Handle Path Result: Success
[2020.01.08-06.36.58:080][  0]LogSteamVRInputDevice: Display: Retrieving Action Handle: /actions/main/in/MoveRight axis
[2020.01.08-06.36.58:080][  0]LogSteamVRInputDevice: Display: [STEAMVR INPUT] Setting Action Handle Path Result: Success
[2020.01.08-06.36.58:080][  0]LogSteamVRInputDevice: Display: Retrieving Action Handle: /actions/main/in/MoveRight axis
[2020.01.08-06.36.58:080][  0]LogSteamVRInputDevice: Display: [STEAMVR INPUT] Setting Action Handle Path Result: Success
[2020.01.08-06.36.58:080][  0]LogSteamVRInputDevice: Display: Retrieving Action Handle: /actions/main/in/MoveRight axis
[2020.01.08-06.36.58:080][  0]LogSteamVRInputDevice: Display: [STEAMVR INPUT] Setting Action Handle Path Result: Success
[2020.01.08-06.36.58:080][  0]LogSteamVRInputDevice: Display: Retrieving Action Handle: /actions/main/in/TurnRate axis
[2020.01.08-06.36.58:080][  0]LogSteamVRInputDevice: Display: [STEAMVR INPUT] Setting Action Handle Path Result: Success
[2020.01.08-06.36.58:080][  0]LogSteamVRInputDevice: Display: Retrieving Action Handle: /actions/main/in/TurnRate axis
[2020.01.08-06.36.58:080][  0]LogSteamVRInputDevice: Display: [STEAMVR INPUT] Setting Action Handle Path Result: Success
[2020.01.08-06.36.58:080][  0]LogSteamVRInputDevice: Display: Retrieving Action Handle: /actions/main/in/TurnRate axis
[2020.01.08-06.36.58:080][  0]LogSteamVRInputDevice: Display: [STEAMVR INPUT] Setting Action Handle Path Result: Success
[2020.01.08-06.36.58:081][  0]LogSteamVRInputDevice: Display: Retrieving Action Handle: /actions/main/in/TurnRate axis
[2020.01.08-06.36.58:081][  0]LogSteamVRInputDevice: Display: [STEAMVR INPUT] Setting Action Handle Path Result: Success
[2020.01.08-06.36.58:138][  0]LogContentStreaming: Texture pool size now 1000 MB
[2020.01.08-06.36.58:140][  0]LogSlate: Took 0.000241 seconds to synchronously load lazily loaded font '../../../Engine/Content/Slate/Fonts/Roboto-Regular.ttf' (155K)
[2020.01.08-06.36.58:142][  0]LogSlate: Took 0.001339 seconds to synchronously load lazily loaded font '../../../Engine/Content/Editor/Slate/Fonts/NanumGothic.ttf' (4243K)
[2020.01.08-06.36.58:143][  0]LogSlate: Took 0.001396 seconds to synchronously load lazily loaded font '../../../Engine/Content/Editor/Slate/Fonts/NanumGothicBold.ttf' (4188K)
[2020.01.08-06.36.58:144][  0]LogSlate: Took 0.000194 seconds to synchronously load lazily loaded font '../../../Engine/Content/Slate/Fonts/Roboto-Bold.ttf' (160K)
[2020.01.08-06.36.58:146][  0]LogSlate: Took 0.000172 seconds to synchronously load lazily loaded font '../../../Engine/Content/Editor/Slate/Fonts/FontAwesome.ttf' (139K)
[2020.01.08-06.36.58:235][  0]LogSlate: Took 0.000251 seconds to synchronously load lazily loaded font '../../../Engine/Content/Slate/Fonts/Roboto-Light.ttf' (167K)
[2020.01.08-06.36.58:257][  0]LogRenderer: Reallocating scene render targets to support 860x444 Format 10 NumSamples 1 (Frame:1).
[2020.01.08-06.36.58:320][  1]LogPython: Unreal Python
[2020.01.08-06.36.58:320][  1]LogPython: {{Version}}
[2020.01.08-06.36.58:320][  1]LogPython: {{Version}} (Experimental)
[2020.01.08-06.36.58:320][  1]LogPython: thank you.
[2020.01.08-06.36.58:378][  1]LogPython: <Struct 'Vector' (0x000002170DBE2620) {x: 40.000000, y: 40.000000, z: 60.000000}>
[2020.01.08-06.36.58:378][  1]LogPython: False
[2020.01.08-06.36.58:378][  1]LogPython: NewMediaPlayer
[2020.01.08-06.36.58:382][  1]LogSlate: Took 0.000184 seconds to synchronously load lazily loaded font '../../../Engine/Content/Slate/Fonts/Roboto-Light.ttf' (167K)
[2020.01.08-06.37.01:457][  4]LogAssetRegistry: Asset discovery search completed in 9.5670 seconds
[2020.01.08-06.37.01:459][  4]LogCollectionManager: Fixed up redirectors for 0 collections in 0.000007 seconds (updated 0 objects)
[2020.01.08-06.37.03:352][198]LogAssetEditorSubsystem: Opening Asset editor for MediaPlayer /Game/ThirdPersonBP/NewMediaPlayer.NewMediaPlayer
[2020.01.08-06.37.03:439][198]LogMaterial: Display: Missing cached shader map for material Material_0, compiling. 
[2020.01.08-06.37.03:500][198]LogShaderCompilers: Display: Worker (1/9): shaders left to compile 17
[2020.01.08-06.37.03:500][198]LogShaderCompilers: Display: Worker (2/9): shaders left to compile 14
[2020.01.08-06.37.03:500][198]LogShaderCompilers: Display: Worker (3/9): shaders left to compile 11
[2020.01.08-06.37.03:500][198]LogShaderCompilers: Display: Worker (4/9): shaders left to compile 8
[2020.01.08-06.37.03:500][198]LogShaderCompilers: Display: Worker (5/9): shaders left to compile 5
[2020.01.08-06.37.03:500][198]LogShaderCompilers: Display: Worker (6/9): shaders left to compile 2
[2020.01.08-06.37.03:538][198]LogContentBrowser: Verbose: The majority of assets in the view are of type: FileMediaSource
[2020.01.08-06.37.05:547][414]LogSlate: Window 'NewMediaPlayer' being destroyed
[2020.01.08-06.37.05:553][414]LogSlate: Window 'NewMediaPlayer' being destroyed
[2020.01.08-06.37.11:565][ 89]LogRenderer: Reallocating scene render targets to support 1100x580 Format 10 NumSamples 1 (Frame:864).
[2020.01.08-06.37.12:362][173]LogTemp: Repeating last play command: 선택된 뷰포트
[2020.01.08-06.37.12:374][173]LogBlueprintUserMessages: Early PlayInEditor Detection: Level '/Game/ThirdPersonBP/Maps/ThirdPersonExampleMap.ThirdPersonExampleMap:PersistentLevel' has LevelScriptBlueprint '/Game/ThirdPersonBP/Maps/ThirdPersonExampleMap.ThirdPersonExampleMap:PersistentLevel.ThirdPersonExampleMap' with GeneratedClass '/Game/ThirdPersonBP/Maps/ThirdPersonExampleMap.ThirdPersonExampleMap_C' with ClassGeneratedBy '/Game/ThirdPersonBP/Maps/ThirdPersonExampleMap.ThirdPersonExampleMap:PersistentLevel.ThirdPersonExampleMap'
[2020.01.08-06.37.12:374][173]LogPlayLevel: PlayLevel: No blueprints needed recompiling
[2020.01.08-06.37.12:374][173]PIE: New page: PIE 세션: ThirdPersonExampleMap (2020. 1. 9. 오전 12:37:12)
[2020.01.08-06.37.12:375][173]LogOnline: OSS: Creating online subsystem instance for: NULL
[2020.01.08-06.37.12:376][173]LogOnline: OSS: TryLoadSubsystemAndSetDefault: Loaded subsystem for module [NULL]
[2020.01.08-06.37.12:376][173]LogPlayLevel: Creating play world package: /Game/ThirdPersonBP/Maps/UEDPIE_0_ThirdPersonExampleMap
[2020.01.08-06.37.12:387][173]LogPlayLevel: PIE: StaticDuplicateObject took: (0.011274s)
[2020.01.08-06.37.12:388][173]LogAIModule: Creating AISystem for world ThirdPersonExampleMap
[2020.01.08-06.37.12:388][173]LogPlayLevel: PIE: World Init took: (0.000875s)
[2020.01.08-06.37.12:388][173]LogPlayLevel: PIE: Created PIE world by copying editor world from /Game/ThirdPersonBP/Maps/ThirdPersonExampleMap.ThirdPersonExampleMap to /Game/ThirdPersonBP/Maps/UEDPIE_0_ThirdPersonExampleMap.ThirdPersonExampleMap (0.012340s)
[2020.01.08-06.37.12:415][173]LogUObjectHash: Compacting FUObjectHashTables data took   1.44ms
[2020.01.08-06.37.12:416][173]LogAudioMixer: Display: Audio Mixer Platform Settings:
[2020.01.08-06.37.12:416][173]LogAudioMixer: Display: 	Sample Rate:						  48000
[2020.01.08-06.37.12:416][173]LogAudioMixer: Display: 	Callback Buffer Frame Size Requested: 1024
[2020.01.08-06.37.12:416][173]LogAudioMixer: Display: 	Callback Buffer Frame Size To Use:	  1024
[2020.01.08-06.37.12:416][173]LogAudioMixer: Display: 	Number of buffers to queue:			  2
[2020.01.08-06.37.12:416][173]LogAudioMixer: Display: 	Max Channels (voices):				  32
[2020.01.08-06.37.12:416][173]LogAudioMixer: Display: 	Number of Async Source Workers:		  0
[2020.01.08-06.37.12:416][173]LogAudio: Display: AudioDevice MaxSources: 32
[2020.01.08-06.37.12:417][173]LogAudio: Display: Using built-in audio occlusion.
[2020.01.08-06.37.12:417][173]LogAudioMixer: Display: Initializing audio mixer.
[2020.01.08-06.37.12:484][173]LogAudioMixer: Display: Audio Device Output Speaker Info:
[2020.01.08-06.37.12:484][173]LogAudioMixer: Display: Name: HTC-VIVE(NVIDIA High Definition Audio)
[2020.01.08-06.37.12:484][173]LogAudioMixer: Display: Is Default: Yes
[2020.01.08-06.37.12:484][173]LogAudioMixer: Display: Sample Rate: 48000
[2020.01.08-06.37.12:484][173]LogAudioMixer: Display: Channel Count Used: 2
[2020.01.08-06.37.12:484][173]LogAudioMixer: Display: Device Channel Count: 2
[2020.01.08-06.37.12:484][173]LogAudioMixer: Display: Channel Order:
[2020.01.08-06.37.12:484][173]LogAudioMixer: Display: 0: FrontLeft
[2020.01.08-06.37.12:484][173]LogAudioMixer: Display: 1: FrontRight
[2020.01.08-06.37.12:497][173]LogAudioMixer: Display: Using Audio Device HTC-VIVE(NVIDIA High Definition Audio)
[2020.01.08-06.37.12:498][173]LogInit: FAudioDevice initialized.
[2020.01.08-06.37.12:507][173]LogLoad: Game class is 'ThirdPersonGameMode_C'
[2020.01.08-06.37.12:509][173]LogWorld: Bringing World /Game/ThirdPersonBP/Maps/UEDPIE_0_ThirdPersonExampleMap.ThirdPersonExampleMap up for play (max tick rate 0) at 2020.01.08-15.37.12
[2020.01.08-06.37.12:509][173]LogWorld: Bringing up level for play took: 0.001238
[2020.01.08-06.37.12:509][173]LogOnline: OSS: Creating online subsystem instance for: :Context_2
[2020.01.08-06.37.12:512][173]LogContentBrowser: Native class hierarchy updated for 'MovieSceneCapture' in 0.0002 seconds. Added 20 classes and 0 folders.
[2020.01.08-06.37.12:515][173]PIE: /Game/ThirdPersonBP/Maps/UEDPIE_0_ThirdPersonExampleMap 에 대한 에디터에서 플레이 시작 시간: 0.463
[2020.01.08-06.37.12:515][173]LogBlueprintUserMessages: Late PlayInEditor Detection: Level '/Game/ThirdPersonBP/Maps/ThirdPersonExampleMap.ThirdPersonExampleMap:PersistentLevel' has LevelScriptBlueprint '/Game/ThirdPersonBP/Maps/ThirdPersonExampleMap.ThirdPersonExampleMap:PersistentLevel.ThirdPersonExampleMap' with GeneratedClass '/Game/ThirdPersonBP/Maps/ThirdPersonExampleMap.ThirdPersonExampleMap_C' with ClassGeneratedBy '/Game/ThirdPersonBP/Maps/ThirdPersonExampleMap.ThirdPersonExampleMap:PersistentLevel.ThirdPersonExampleMap'
[2020.01.08-06.37.14:155][355]LogAudioMixer: Display: No commands were queued while flushing the source manager.
[2020.01.08-06.37.14:163][355]LogAudioMixer: Display: Flush succeeded in the source manager command queue (1).
[2020.01.08-06.37.14:183][355]LogAudioMixer: Display: Flush succeeded the source manager command queue (2).
[2020.01.08-06.37.14:183][355]LogBlueprintUserMessages: Early EndPlayMap Detection: Level '/Game/ThirdPersonBP/Maps/ThirdPersonExampleMap.ThirdPersonExampleMap:PersistentLevel' has LevelScriptBlueprint '/Game/ThirdPersonBP/Maps/ThirdPersonExampleMap.ThirdPersonExampleMap:PersistentLevel.ThirdPersonExampleMap' with GeneratedClass '/Game/ThirdPersonBP/Maps/ThirdPersonExampleMap.ThirdPersonExampleMap_C' with ClassGeneratedBy '/Game/ThirdPersonBP/Maps/ThirdPersonExampleMap.ThirdPersonExampleMap:PersistentLevel.ThirdPersonExampleMap'
[2020.01.08-06.37.14:206][355]LogSlate: Updating window title bar state: overlay mode, drag disabled, window buttons hidden, title bar hidden
[2020.01.08-06.37.14:206][355]LogWorld: BeginTearingDown for /Game/ThirdPersonBP/Maps/UEDPIE_0_ThirdPersonExampleMap
[2020.01.08-06.37.14:206][355]LogAudioMixer: Display: No commands were queued while flushing the source manager.
[2020.01.08-06.37.14:206][355]LogWorld: UWorld::CleanupWorld for ThirdPersonExampleMap, bSessionEnded=true, bCleanupResources=true
[2020.01.08-06.37.14:207][355]LogSlate: InvalidateAllWidgets triggered.  All widgets were invalidated
[2020.01.08-06.37.14:212][355]LogPlayLevel: Display: Shutting down PIE online subsystems
[2020.01.08-06.37.14:212][355]LogBlueprintUserMessages: Late EndPlayMap Detection: Level '/Game/ThirdPersonBP/Maps/ThirdPersonExampleMap.ThirdPersonExampleMap:PersistentLevel' has LevelScriptBlueprint '/Game/ThirdPersonBP/Maps/ThirdPersonExampleMap.ThirdPersonExampleMap:PersistentLevel.ThirdPersonExampleMap' with GeneratedClass '/Game/ThirdPersonBP/Maps/ThirdPersonExampleMap.ThirdPersonExampleMap_C' with ClassGeneratedBy '/Game/ThirdPersonBP/Maps/ThirdPersonExampleMap.ThirdPersonExampleMap:PersistentLevel.ThirdPersonExampleMap'
[2020.01.08-06.37.14:215][355]LogSlate: InvalidateAllWidgets triggered.  All widgets were invalidated
[2020.01.08-06.37.14:237][355]LogAudioMixer: Display: No commands were queued while flushing the source manager.
[2020.01.08-06.37.14:239][355]LogSlate: Updating window title bar state: overlay mode, drag disabled, window buttons hidden, title bar hidden
[2020.01.08-06.37.14:241][355]LogUObjectHash: Compacting FUObjectHashTables data took   1.47ms
[2020.01.08-06.37.14:261][356]LogPlayLevel: Display: Destroying online subsystem :Context_2
[2020.01.08-06.37.18:961][872]LogSlate: Window '경로 선택' being destroyed
[2020.01.08-06.37.18:996][872]LogUObjectHash: Compacting FUObjectHashTables data took   1.56ms
[2020.01.08-06.37.19:015][872]LogAssetEditorSubsystem: Opening Asset editor for Blueprint /Game/Actor_Blueprint.Actor_Blueprint
[2020.01.08-06.37.19:207][872]LogContentBrowser: Native class hierarchy updated for 'BlueprintGraph' in 0.0004 seconds. Added 121 classes and 0 folders.
[2020.01.08-06.37.19:943][872]LogRenderer: Reallocating scene render targets to support 1100x876 Format 10 NumSamples 1 (Frame:1).
[2020.01.08-06.37.22:451][129]LogSlate: Took 0.000239 seconds to synchronously load lazily loaded font '../../../Engine/Content/Slate/Fonts/Roboto-BoldCondensed.ttf' (158K)
[2020.01.08-06.37.31:147][ 73]BlueprintLog: New page: Actor_Blueprint 컴파일
[2020.01.08-06.37.31:332][ 73]LogUObjectHash: Compacting FUObjectHashTables data took   2.84ms
[2020.01.08-06.37.31:736][114]Cmd: OBJ SAVEPACKAGE PACKAGE="/Game/Actor_Blueprint" FILE="D:/Git/Content/Actor_Blueprint.uasset" SILENT=true
[2020.01.08-06.37.31:748][114]LogSavePackage: Moving 'D:/Git/Saved/Actor_Blueprint7BBF53B04B9143B2864B1C8FE801396E.tmp' to 'D:/Git/Content/Actor_Blueprint.uasset'
[2020.01.08-06.37.31:764][114]AssetCheck: New page: Asset Save: Actor_Blueprint
[2020.01.08-06.37.31:764][114]LogContentValidation: Display: Blueprint /Game/Actor_Blueprint.Actor_Blueprint 유효성 검사
